{"/Users/christopheramos/Desktop/Scamicide/backend/src/server.js": {"path":"/Users/christopheramos/Desktop/Scamicide/backend/src/server.js","statementMap":{"0":{"start":{"line":18,"column":19},"end":{"line":18,"column":49}},"1":{"start":{"line":19,"column":18},"end":{"line":19,"column":37}},"2":{"start":{"line":22,"column":21},"end":{"line":22,"column":58}},"3":{"start":{"line":23,"column":13},"end":{"line":23,"column":53}},"4":{"start":{"line":25,"column":0},"end":{"line":25,"column":51}},"5":{"start":{"line":26,"column":0},"end":{"line":26,"column":78}},"6":{"start":{"line":27,"column":0},"end":{"line":27,"column":32}},"7":{"start":{"line":29,"column":12},"end":{"line":29,"column":21}},"8":{"start":{"line":32,"column":0},"end":{"line":32,"column":26}},"9":{"start":{"line":35,"column":11},"end":{"line":35,"column":31}},"10":{"start":{"line":36,"column":0},"end":{"line":36,"column":92}},"11":{"start":{"line":39,"column":0},"end":{"line":41,"column":4}},"12":{"start":{"line":43,"column":0},"end":{"line":47,"column":4}},"13":{"start":{"line":49,"column":0},"end":{"line":49,"column":51}},"14":{"start":{"line":50,"column":0},"end":{"line":50,"column":41}},"15":{"start":{"line":51,"column":0},"end":{"line":51,"column":48}},"16":{"start":{"line":54,"column":0},"end":{"line":54,"column":23}},"17":{"start":{"line":57,"column":0},"end":{"line":67,"column":3}},"18":{"start":{"line":58,"column":19},"end":{"line":58,"column":52}},"19":{"start":{"line":59,"column":2},"end":{"line":66,"column":5}},"20":{"start":{"line":70,"column":0},"end":{"line":72,"column":3}},"21":{"start":{"line":71,"column":2},"end":{"line":71,"column":29}},"22":{"start":{"line":75,"column":0},"end":{"line":81,"column":3}},"23":{"start":{"line":76,"column":2},"end":{"line":80,"column":3}},"24":{"start":{"line":77,"column":4},"end":{"line":77,"column":42}},"25":{"start":{"line":79,"column":4},"end":{"line":79,"column":77}},"26":{"start":{"line":84,"column":0},"end":{"line":84,"column":39}},"27":{"start":{"line":87,"column":0},"end":{"line":101,"column":3}},"28":{"start":{"line":88,"column":2},"end":{"line":100,"column":5}},"29":{"start":{"line":105,"column":30},"end":{"line":110,"column":1}},"30":{"start":{"line":112,"column":19},"end":{"line":112,"column":23}},"31":{"start":{"line":113,"column":0},"end":{"line":119,"column":1}},"32":{"start":{"line":114,"column":2},"end":{"line":118,"column":3}},"33":{"start":{"line":115,"column":4},"end":{"line":115,"column":24}},"34":{"start":{"line":116,"column":4},"end":{"line":116,"column":56}},"35":{"start":{"line":117,"column":4},"end":{"line":117,"column":10}},"36":{"start":{"line":121,"column":0},"end":{"line":137,"column":1}},"37":{"start":{"line":122,"column":2},"end":{"line":122,"column":57}},"38":{"start":{"line":123,"column":2},"end":{"line":123,"column":40}},"39":{"start":{"line":126,"column":2},"end":{"line":133,"column":5}},"40":{"start":{"line":127,"column":22},"end":{"line":127,"column":54}},"41":{"start":{"line":128,"column":4},"end":{"line":132,"column":5}},"42":{"start":{"line":129,"column":6},"end":{"line":129,"column":30}},"43":{"start":{"line":131,"column":6},"end":{"line":131,"column":60}},"44":{"start":{"line":134,"column":7},"end":{"line":137,"column":1}},"45":{"start":{"line":135,"column":2},"end":{"line":135,"column":76}},"46":{"start":{"line":136,"column":2},"end":{"line":136,"column":83}},"47":{"start":{"line":140,"column":0},"end":{"line":146,"column":3}},"48":{"start":{"line":141,"column":2},"end":{"line":145,"column":5}},"49":{"start":{"line":149,"column":0},"end":{"line":149,"column":22}},"50":{"start":{"line":152,"column":13},"end":{"line":152,"column":17}},"51":{"start":{"line":154,"column":20},"end":{"line":165,"column":1}},"52":{"start":{"line":155,"column":2},"end":{"line":164,"column":5}},"53":{"start":{"line":156,"column":4},"end":{"line":163,"column":7}},"54":{"start":{"line":157,"column":6},"end":{"line":157,"column":52}},"55":{"start":{"line":158,"column":6},"end":{"line":158,"column":69}},"56":{"start":{"line":159,"column":6},"end":{"line":159,"column":70}},"57":{"start":{"line":160,"column":6},"end":{"line":160,"column":80}},"58":{"start":{"line":161,"column":6},"end":{"line":161,"column":84}},"59":{"start":{"line":162,"column":6},"end":{"line":162,"column":16}},"60":{"start":{"line":168,"column":25},"end":{"line":186,"column":1}},"61":{"start":{"line":169,"column":2},"end":{"line":169,"column":72}},"62":{"start":{"line":172,"column":2},"end":{"line":176,"column":3}},"63":{"start":{"line":173,"column":4},"end":{"line":175,"column":7}},"64":{"start":{"line":174,"column":6},"end":{"line":174,"column":42}},"65":{"start":{"line":179,"column":2},"end":{"line":179,"column":18}},"66":{"start":{"line":182,"column":2},"end":{"line":185,"column":11}},"67":{"start":{"line":183,"column":4},"end":{"line":183,"column":38}},"68":{"start":{"line":184,"column":4},"end":{"line":184,"column":20}},"69":{"start":{"line":189,"column":0},"end":{"line":189,"column":57}},"70":{"start":{"line":189,"column":28},"end":{"line":189,"column":55}},"71":{"start":{"line":190,"column":0},"end":{"line":190,"column":55}},"72":{"start":{"line":190,"column":27},"end":{"line":190,"column":53}},"73":{"start":{"line":193,"column":0},"end":{"line":195,"column":3}},"74":{"start":{"line":194,"column":2},"end":{"line":194,"column":55}},"75":{"start":{"line":198,"column":0},"end":{"line":201,"column":3}},"76":{"start":{"line":199,"column":2},"end":{"line":199,"column":46}},"77":{"start":{"line":200,"column":2},"end":{"line":200,"column":41}},"78":{"start":{"line":204,"column":0},"end":{"line":207,"column":3}},"79":{"start":{"line":205,"column":2},"end":{"line":205,"column":50}},"80":{"start":{"line":206,"column":2},"end":{"line":206,"column":18}}},"fnMap":{"0":{"name":"(anonymous_0)","decl":{"start":{"line":57,"column":19},"end":{"line":57,"column":20}},"loc":{"start":{"line":57,"column":33},"end":{"line":67,"column":1}},"line":57},"1":{"name":"(anonymous_1)","decl":{"start":{"line":70,"column":17},"end":{"line":70,"column":18}},"loc":{"start":{"line":70,"column":31},"end":{"line":72,"column":1}},"line":70},"2":{"name":"(anonymous_2)","decl":{"start":{"line":75,"column":18},"end":{"line":75,"column":19}},"loc":{"start":{"line":75,"column":32},"end":{"line":81,"column":1}},"line":75},"3":{"name":"(anonymous_3)","decl":{"start":{"line":87,"column":16},"end":{"line":87,"column":17}},"loc":{"start":{"line":87,"column":30},"end":{"line":101,"column":1}},"line":87},"4":{"name":"(anonymous_4)","decl":{"start":{"line":126,"column":15},"end":{"line":126,"column":16}},"loc":{"start":{"line":126,"column":29},"end":{"line":133,"column":3}},"line":126},"5":{"name":"(anonymous_5)","decl":{"start":{"line":140,"column":8},"end":{"line":140,"column":9}},"loc":{"start":{"line":140,"column":22},"end":{"line":146,"column":1}},"line":140},"6":{"name":"(anonymous_6)","decl":{"start":{"line":154,"column":20},"end":{"line":154,"column":21}},"loc":{"start":{"line":154,"column":26},"end":{"line":165,"column":1}},"line":154},"7":{"name":"(anonymous_7)","decl":{"start":{"line":155,"column":21},"end":{"line":155,"column":22}},"loc":{"start":{"line":155,"column":34},"end":{"line":164,"column":3}},"line":155},"8":{"name":"(anonymous_8)","decl":{"start":{"line":156,"column":41},"end":{"line":156,"column":42}},"loc":{"start":{"line":156,"column":47},"end":{"line":163,"column":5}},"line":156},"9":{"name":"(anonymous_9)","decl":{"start":{"line":168,"column":25},"end":{"line":168,"column":26}},"loc":{"start":{"line":168,"column":43},"end":{"line":186,"column":1}},"line":168},"10":{"name":"(anonymous_10)","decl":{"start":{"line":173,"column":17},"end":{"line":173,"column":18}},"loc":{"start":{"line":173,"column":23},"end":{"line":175,"column":5}},"line":173},"11":{"name":"(anonymous_11)","decl":{"start":{"line":182,"column":13},"end":{"line":182,"column":14}},"loc":{"start":{"line":182,"column":19},"end":{"line":185,"column":3}},"line":182},"12":{"name":"(anonymous_12)","decl":{"start":{"line":189,"column":22},"end":{"line":189,"column":23}},"loc":{"start":{"line":189,"column":28},"end":{"line":189,"column":55}},"line":189},"13":{"name":"(anonymous_13)","decl":{"start":{"line":190,"column":21},"end":{"line":190,"column":22}},"loc":{"start":{"line":190,"column":27},"end":{"line":190,"column":53}},"line":190},"14":{"name":"(anonymous_14)","decl":{"start":{"line":193,"column":33},"end":{"line":193,"column":34}},"loc":{"start":{"line":193,"column":42},"end":{"line":195,"column":1}},"line":193},"15":{"name":"(anonymous_15)","decl":{"start":{"line":198,"column":32},"end":{"line":198,"column":33}},"loc":{"start":{"line":198,"column":41},"end":{"line":201,"column":1}},"line":198},"16":{"name":"(anonymous_16)","decl":{"start":{"line":204,"column":20},"end":{"line":204,"column":21}},"loc":{"start":{"line":204,"column":29},"end":{"line":207,"column":1}},"line":204}},"branchMap":{"0":{"loc":{"start":{"line":23,"column":22},"end":{"line":23,"column":48}},"type":"binary-expr","locations":[{"start":{"line":23,"column":22},"end":{"line":23,"column":38}},{"start":{"line":23,"column":42},"end":{"line":23,"column":48}}],"line":23},"1":{"loc":{"start":{"line":26,"column":31},"end":{"line":26,"column":74}},"type":"cond-expr","locations":[{"start":{"line":26,"column":46},"end":{"line":26,"column":58}},{"start":{"line":26,"column":61},"end":{"line":26,"column":74}}],"line":26},"2":{"loc":{"start":{"line":36,"column":40},"end":{"line":36,"column":88}},"type":"cond-expr","locations":[{"start":{"line":36,"column":45},"end":{"line":36,"column":50}},{"start":{"line":36,"column":53},"end":{"line":36,"column":88}}],"line":36},"3":{"loc":{"start":{"line":44,"column":10},"end":{"line":44,"column":41}},"type":"binary-expr","locations":[{"start":{"line":44,"column":10},"end":{"line":44,"column":34}},{"start":{"line":44,"column":38},"end":{"line":44,"column":41}}],"line":44},"4":{"loc":{"start":{"line":49,"column":15},"end":{"line":49,"column":48}},"type":"cond-expr","locations":[{"start":{"line":49,"column":30},"end":{"line":49,"column":40}},{"start":{"line":49,"column":43},"end":{"line":49,"column":48}}],"line":49},"5":{"loc":{"start":{"line":58,"column":19},"end":{"line":58,"column":52}},"type":"cond-expr","locations":[{"start":{"line":58,"column":24},"end":{"line":58,"column":35}},{"start":{"line":58,"column":38},"end":{"line":58,"column":52}}],"line":58},"6":{"loc":{"start":{"line":63,"column":17},"end":{"line":63,"column":60}},"type":"cond-expr","locations":[{"start":{"line":63,"column":32},"end":{"line":63,"column":44}},{"start":{"line":63,"column":47},"end":{"line":63,"column":60}}],"line":63},"7":{"loc":{"start":{"line":76,"column":2},"end":{"line":80,"column":3}},"type":"if","locations":[{"start":{"line":76,"column":2},"end":{"line":80,"column":3}},{"start":{"line":78,"column":9},"end":{"line":80,"column":3}}],"line":76},"8":{"loc":{"start":{"line":114,"column":2},"end":{"line":118,"column":3}},"type":"if","locations":[{"start":{"line":114,"column":2},"end":{"line":118,"column":3}},{"start":{},"end":{}}],"line":114},"9":{"loc":{"start":{"line":121,"column":0},"end":{"line":137,"column":1}},"type":"if","locations":[{"start":{"line":121,"column":0},"end":{"line":137,"column":1}},{"start":{"line":134,"column":7},"end":{"line":137,"column":1}}],"line":121},"10":{"loc":{"start":{"line":121,"column":4},"end":{"line":121,"column":32}},"type":"binary-expr","locations":[{"start":{"line":121,"column":4},"end":{"line":121,"column":16}},{"start":{"line":121,"column":20},"end":{"line":121,"column":32}}],"line":121},"11":{"loc":{"start":{"line":128,"column":4},"end":{"line":132,"column":5}},"type":"if","locations":[{"start":{"line":128,"column":4},"end":{"line":132,"column":5}},{"start":{"line":130,"column":11},"end":{"line":132,"column":5}}],"line":128},"12":{"loc":{"start":{"line":134,"column":7},"end":{"line":137,"column":1}},"type":"if","locations":[{"start":{"line":134,"column":7},"end":{"line":137,"column":1}},{"start":{},"end":{}}],"line":134},"13":{"loc":{"start":{"line":161,"column":37},"end":{"line":161,"column":80}},"type":"cond-expr","locations":[{"start":{"line":161,"column":52},"end":{"line":161,"column":64}},{"start":{"line":161,"column":67},"end":{"line":161,"column":80}}],"line":161},"14":{"loc":{"start":{"line":172,"column":2},"end":{"line":176,"column":3}},"type":"if","locations":[{"start":{"line":172,"column":2},"end":{"line":176,"column":3}},{"start":{},"end":{}}],"line":172}},"s":{"0":1,"1":1,"2":1,"3":1,"4":1,"5":1,"6":1,"7":1,"8":1,"9":1,"10":1,"11":1,"12":1,"13":1,"14":1,"15":1,"16":1,"17":1,"18":0,"19":0,"20":1,"21":0,"22":1,"23":0,"24":0,"25":0,"26":1,"27":1,"28":0,"29":1,"30":1,"31":1,"32":1,"33":1,"34":1,"35":1,"36":1,"37":0,"38":0,"39":0,"40":0,"41":0,"42":0,"43":0,"44":1,"45":0,"46":0,"47":1,"48":0,"49":1,"50":1,"51":1,"52":1,"53":1,"54":0,"55":0,"56":0,"57":0,"58":0,"59":0,"60":1,"61":0,"62":0,"63":0,"64":0,"65":0,"66":0,"67":0,"68":0,"69":1,"70":0,"71":1,"72":0,"73":1,"74":0,"75":1,"76":0,"77":0,"78":1,"79":0,"80":0},"f":{"0":0,"1":0,"2":0,"3":0,"4":0,"5":0,"6":1,"7":1,"8":0,"9":0,"10":0,"11":0,"12":0,"13":0,"14":0,"15":0,"16":0},"b":{"0":[1,1],"1":[0,1],"2":[1,0],"3":[1,1],"4":[0,1],"5":[0,0],"6":[0,0],"7":[0,0],"8":[1,0],"9":[0,1],"10":[1,0],"11":[0,0],"12":[0,1],"13":[0,0],"14":[0,0]},"_coverageSchema":"1a1c01bbd47fc00a2c39e90264f33305004495a9","hash":"9559551eba533e0b9efecfbf538f2a048dfdb097"}
,"/Users/christopheramos/Desktop/Scamicide/backend/src/database/db.js": {"path":"/Users/christopheramos/Desktop/Scamicide/backend/src/database/db.js","statementMap":{"0":{"start":{"line":12,"column":19},"end":{"line":12,"column":49}},"1":{"start":{"line":13,"column":18},"end":{"line":13,"column":37}},"2":{"start":{"line":16,"column":16},"end":{"line":16,"column":81}},"3":{"start":{"line":19,"column":9},"end":{"line":19,"column":13}},"4":{"start":{"line":20,"column":28},"end":{"line":20,"column":32}},"5":{"start":{"line":25,"column":34},"end":{"line":65,"column":1}},"6":{"start":{"line":26,"column":2},"end":{"line":28,"column":3}},"7":{"start":{"line":27,"column":4},"end":{"line":27,"column":14}},"8":{"start":{"line":30,"column":2},"end":{"line":30,"column":45}},"9":{"start":{"line":31,"column":2},"end":{"line":31,"column":46}},"10":{"start":{"line":32,"column":2},"end":{"line":32,"column":71}},"11":{"start":{"line":34,"column":2},"end":{"line":64,"column":3}},"12":{"start":{"line":36,"column":20},"end":{"line":36,"column":36}},"13":{"start":{"line":37,"column":4},"end":{"line":37,"column":49}},"14":{"start":{"line":39,"column":4},"end":{"line":45,"column":5}},"15":{"start":{"line":40,"column":6},"end":{"line":40,"column":51}},"16":{"start":{"line":41,"column":6},"end":{"line":41,"column":49}},"17":{"start":{"line":42,"column":6},"end":{"line":42,"column":46}},"18":{"start":{"line":44,"column":6},"end":{"line":44,"column":45}},"19":{"start":{"line":47,"column":4},"end":{"line":47,"column":31}},"20":{"start":{"line":48,"column":4},"end":{"line":48,"column":53}},"21":{"start":{"line":51,"column":4},"end":{"line":51,"column":35}},"22":{"start":{"line":54,"column":4},"end":{"line":54,"column":19}},"23":{"start":{"line":56,"column":4},"end":{"line":56,"column":67}},"24":{"start":{"line":57,"column":4},"end":{"line":57,"column":14}},"25":{"start":{"line":59,"column":4},"end":{"line":59,"column":34}},"26":{"start":{"line":60,"column":4},"end":{"line":60,"column":70}},"27":{"start":{"line":61,"column":4},"end":{"line":61,"column":41}},"28":{"start":{"line":63,"column":4},"end":{"line":63,"column":16}},"29":{"start":{"line":70,"column":28},"end":{"line":82,"column":1}},"30":{"start":{"line":71,"column":2},"end":{"line":73,"column":3}},"31":{"start":{"line":72,"column":4},"end":{"line":72,"column":17}},"32":{"start":{"line":74,"column":2},"end":{"line":81,"column":3}},"33":{"start":{"line":76,"column":4},"end":{"line":76,"column":33}},"34":{"start":{"line":77,"column":4},"end":{"line":77,"column":16}},"35":{"start":{"line":79,"column":4},"end":{"line":79,"column":61}},"36":{"start":{"line":80,"column":4},"end":{"line":80,"column":17}},"37":{"start":{"line":87,"column":21},"end":{"line":114,"column":1}},"38":{"start":{"line":88,"column":2},"end":{"line":113,"column":3}},"39":{"start":{"line":90,"column":4},"end":{"line":101,"column":7}},"40":{"start":{"line":104,"column":4},"end":{"line":107,"column":7}},"41":{"start":{"line":109,"column":4},"end":{"line":109,"column":54}},"42":{"start":{"line":111,"column":4},"end":{"line":111,"column":61}},"43":{"start":{"line":112,"column":4},"end":{"line":112,"column":16}},"44":{"start":{"line":119,"column":28},"end":{"line":158,"column":1}},"45":{"start":{"line":121,"column":2},"end":{"line":124,"column":3}},"46":{"start":{"line":122,"column":4},"end":{"line":122,"column":58}},"47":{"start":{"line":123,"column":4},"end":{"line":123,"column":16}},"48":{"start":{"line":126,"column":2},"end":{"line":157,"column":3}},"49":{"start":{"line":127,"column":15},"end":{"line":127,"column":23}},"50":{"start":{"line":129,"column":17},"end":{"line":133,"column":6}},"51":{"start":{"line":135,"column":4},"end":{"line":143,"column":6}},"52":{"start":{"line":145,"column":4},"end":{"line":153,"column":6}},"53":{"start":{"line":155,"column":4},"end":{"line":155,"column":59}},"54":{"start":{"line":156,"column":4},"end":{"line":156,"column":65}},"55":{"start":{"line":163,"column":34},"end":{"line":194,"column":1}},"56":{"start":{"line":165,"column":2},"end":{"line":168,"column":3}},"57":{"start":{"line":166,"column":4},"end":{"line":166,"column":68}},"58":{"start":{"line":167,"column":4},"end":{"line":167,"column":14}},"59":{"start":{"line":170,"column":2},"end":{"line":193,"column":3}},"60":{"start":{"line":171,"column":17},"end":{"line":176,"column":6}},"61":{"start":{"line":178,"column":20},"end":{"line":178,"column":43}},"62":{"start":{"line":180,"column":4},"end":{"line":189,"column":8}},"63":{"start":{"line":180,"column":31},"end":{"line":189,"column":5}},"64":{"start":{"line":191,"column":4},"end":{"line":191,"column":60}},"65":{"start":{"line":192,"column":4},"end":{"line":192,"column":14}},"66":{"start":{"line":199,"column":31},"end":{"line":233,"column":1}},"67":{"start":{"line":201,"column":2},"end":{"line":204,"column":3}},"68":{"start":{"line":202,"column":4},"end":{"line":202,"column":43}},"69":{"start":{"line":203,"column":4},"end":{"line":203,"column":16}},"70":{"start":{"line":206,"column":2},"end":{"line":232,"column":3}},"71":{"start":{"line":207,"column":17},"end":{"line":211,"column":6}},"72":{"start":{"line":213,"column":16},"end":{"line":213,"column":28}},"73":{"start":{"line":215,"column":4},"end":{"line":217,"column":5}},"74":{"start":{"line":216,"column":6},"end":{"line":216,"column":18}},"75":{"start":{"line":219,"column":4},"end":{"line":228,"column":6}},"76":{"start":{"line":230,"column":4},"end":{"line":230,"column":67}},"77":{"start":{"line":231,"column":4},"end":{"line":231,"column":16}},"78":{"start":{"line":238,"column":30},"end":{"line":257,"column":1}},"79":{"start":{"line":240,"column":2},"end":{"line":243,"column":3}},"80":{"start":{"line":241,"column":4},"end":{"line":241,"column":43}},"81":{"start":{"line":242,"column":4},"end":{"line":242,"column":17}},"82":{"start":{"line":245,"column":2},"end":{"line":256,"column":3}},"83":{"start":{"line":246,"column":17},"end":{"line":249,"column":6}},"84":{"start":{"line":251,"column":19},"end":{"line":251,"column":31}},"85":{"start":{"line":252,"column":4},"end":{"line":252,"column":30}},"86":{"start":{"line":254,"column":4},"end":{"line":254,"column":61}},"87":{"start":{"line":255,"column":4},"end":{"line":255,"column":17}},"88":{"start":{"line":262,"column":32},"end":{"line":301,"column":1}},"89":{"start":{"line":264,"column":2},"end":{"line":267,"column":3}},"90":{"start":{"line":265,"column":4},"end":{"line":265,"column":66}},"91":{"start":{"line":266,"column":4},"end":{"line":266,"column":57}},"92":{"start":{"line":269,"column":2},"end":{"line":300,"column":3}},"93":{"start":{"line":270,"column":22},"end":{"line":272,"column":6}},"94":{"start":{"line":274,"column":25},"end":{"line":278,"column":6}},"95":{"start":{"line":280,"column":25},"end":{"line":283,"column":6}},"96":{"start":{"line":285,"column":18},"end":{"line":285,"column":33}},"97":{"start":{"line":286,"column":23},"end":{"line":286,"column":41}},"98":{"start":{"line":287,"column":21},"end":{"line":287,"column":39}},"99":{"start":{"line":289,"column":4},"end":{"line":296,"column":6}},"100":{"start":{"line":292,"column":8},"end":{"line":292,"column":43}},"101":{"start":{"line":293,"column":8},"end":{"line":293,"column":19}},"102":{"start":{"line":298,"column":4},"end":{"line":298,"column":58}},"103":{"start":{"line":299,"column":4},"end":{"line":299,"column":57}},"104":{"start":{"line":306,"column":31},"end":{"line":318,"column":1}},"105":{"start":{"line":307,"column":2},"end":{"line":310,"column":3}},"106":{"start":{"line":308,"column":4},"end":{"line":308,"column":43}},"107":{"start":{"line":309,"column":4},"end":{"line":309,"column":13}},"108":{"start":{"line":312,"column":15},"end":{"line":314,"column":4}},"109":{"start":{"line":316,"column":17},"end":{"line":316,"column":27}},"110":{"start":{"line":317,"column":2},"end":{"line":317,"column":24}},"111":{"start":{"line":323,"column":27},"end":{"line":328,"column":1}},"112":{"start":{"line":324,"column":2},"end":{"line":326,"column":3}},"113":{"start":{"line":325,"column":4},"end":{"line":325,"column":82}},"114":{"start":{"line":327,"column":2},"end":{"line":327,"column":12}},"115":{"start":{"line":333,"column":29},"end":{"line":339,"column":1}},"116":{"start":{"line":334,"column":2},"end":{"line":338,"column":3}},"117":{"start":{"line":335,"column":4},"end":{"line":335,"column":15}},"118":{"start":{"line":336,"column":4},"end":{"line":336,"column":14}},"119":{"start":{"line":337,"column":4},"end":{"line":337,"column":48}}},"fnMap":{"0":{"name":"(anonymous_0)","decl":{"start":{"line":25,"column":34},"end":{"line":25,"column":35}},"loc":{"start":{"line":25,"column":40},"end":{"line":65,"column":1}},"line":25},"1":{"name":"(anonymous_1)","decl":{"start":{"line":70,"column":28},"end":{"line":70,"column":29}},"loc":{"start":{"line":70,"column":34},"end":{"line":82,"column":1}},"line":70},"2":{"name":"(anonymous_2)","decl":{"start":{"line":87,"column":21},"end":{"line":87,"column":22}},"loc":{"start":{"line":87,"column":27},"end":{"line":114,"column":1}},"line":87},"3":{"name":"(anonymous_3)","decl":{"start":{"line":119,"column":28},"end":{"line":119,"column":29}},"loc":{"start":{"line":119,"column":46},"end":{"line":158,"column":1}},"line":119},"4":{"name":"(anonymous_4)","decl":{"start":{"line":163,"column":34},"end":{"line":163,"column":35}},"loc":{"start":{"line":163,"column":62},"end":{"line":194,"column":1}},"line":163},"5":{"name":"(anonymous_5)","decl":{"start":{"line":180,"column":23},"end":{"line":180,"column":24}},"loc":{"start":{"line":180,"column":31},"end":{"line":189,"column":5}},"line":180},"6":{"name":"(anonymous_6)","decl":{"start":{"line":199,"column":31},"end":{"line":199,"column":32}},"loc":{"start":{"line":199,"column":39},"end":{"line":233,"column":1}},"line":199},"7":{"name":"(anonymous_7)","decl":{"start":{"line":238,"column":30},"end":{"line":238,"column":31}},"loc":{"start":{"line":238,"column":38},"end":{"line":257,"column":1}},"line":238},"8":{"name":"(anonymous_8)","decl":{"start":{"line":262,"column":32},"end":{"line":262,"column":33}},"loc":{"start":{"line":262,"column":38},"end":{"line":301,"column":1}},"line":262},"9":{"name":"(anonymous_9)","decl":{"start":{"line":291,"column":36},"end":{"line":291,"column":37}},"loc":{"start":{"line":291,"column":50},"end":{"line":294,"column":7}},"line":291},"10":{"name":"(anonymous_10)","decl":{"start":{"line":306,"column":31},"end":{"line":306,"column":32}},"loc":{"start":{"line":306,"column":37},"end":{"line":318,"column":1}},"line":306},"11":{"name":"(anonymous_11)","decl":{"start":{"line":323,"column":27},"end":{"line":323,"column":28}},"loc":{"start":{"line":323,"column":33},"end":{"line":328,"column":1}},"line":323},"12":{"name":"(anonymous_12)","decl":{"start":{"line":333,"column":29},"end":{"line":333,"column":30}},"loc":{"start":{"line":333,"column":35},"end":{"line":339,"column":1}},"line":333}},"branchMap":{"0":{"loc":{"start":{"line":16,"column":16},"end":{"line":16,"column":81}},"type":"binary-expr","locations":[{"start":{"line":16,"column":16},"end":{"line":16,"column":35}},{"start":{"line":16,"column":39},"end":{"line":16,"column":81}}],"line":16},"1":{"loc":{"start":{"line":26,"column":2},"end":{"line":28,"column":3}},"type":"if","locations":[{"start":{"line":26,"column":2},"end":{"line":28,"column":3}},{"start":{},"end":{}}],"line":26},"2":{"loc":{"start":{"line":32,"column":30},"end":{"line":32,"column":67}},"type":"binary-expr","locations":[{"start":{"line":32,"column":30},"end":{"line":32,"column":50}},{"start":{"line":32,"column":54},"end":{"line":32,"column":67}}],"line":32},"3":{"loc":{"start":{"line":39,"column":4},"end":{"line":45,"column":5}},"type":"if","locations":[{"start":{"line":39,"column":4},"end":{"line":45,"column":5}},{"start":{"line":43,"column":11},"end":{"line":45,"column":5}}],"line":39},"4":{"loc":{"start":{"line":71,"column":2},"end":{"line":73,"column":3}},"type":"if","locations":[{"start":{"line":71,"column":2},"end":{"line":73,"column":3}},{"start":{},"end":{}}],"line":71},"5":{"loc":{"start":{"line":71,"column":6},"end":{"line":71,"column":34}},"type":"binary-expr","locations":[{"start":{"line":71,"column":6},"end":{"line":71,"column":9}},{"start":{"line":71,"column":13},"end":{"line":71,"column":34}}],"line":71},"6":{"loc":{"start":{"line":121,"column":2},"end":{"line":124,"column":3}},"type":"if","locations":[{"start":{"line":121,"column":2},"end":{"line":124,"column":3}},{"start":{},"end":{}}],"line":121},"7":{"loc":{"start":{"line":137,"column":6},"end":{"line":137,"column":61}},"type":"binary-expr","locations":[{"start":{"line":137,"column":6},"end":{"line":137,"column":28}},{"start":{"line":137,"column":32},"end":{"line":137,"column":55}},{"start":{"line":137,"column":59},"end":{"line":137,"column":61}}],"line":137},"8":{"loc":{"start":{"line":138,"column":6},"end":{"line":138,"column":61}},"type":"binary-expr","locations":[{"start":{"line":138,"column":6},"end":{"line":138,"column":27}},{"start":{"line":138,"column":31},"end":{"line":138,"column":53}},{"start":{"line":138,"column":57},"end":{"line":138,"column":61}}],"line":138},"9":{"loc":{"start":{"line":139,"column":6},"end":{"line":139,"column":56}},"type":"binary-expr","locations":[{"start":{"line":139,"column":6},"end":{"line":139,"column":24}},{"start":{"line":139,"column":28},"end":{"line":139,"column":51}},{"start":{"line":139,"column":55},"end":{"line":139,"column":56}}],"line":139},"10":{"loc":{"start":{"line":140,"column":6},"end":{"line":140,"column":70}},"type":"binary-expr","locations":[{"start":{"line":140,"column":6},"end":{"line":140,"column":27}},{"start":{"line":140,"column":31},"end":{"line":140,"column":57}},{"start":{"line":140,"column":61},"end":{"line":140,"column":70}}],"line":140},"11":{"loc":{"start":{"line":141,"column":21},"end":{"line":141,"column":74}},"type":"binary-expr","locations":[{"start":{"line":141,"column":21},"end":{"line":141,"column":42}},{"start":{"line":141,"column":46},"end":{"line":141,"column":68}},{"start":{"line":141,"column":72},"end":{"line":141,"column":74}}],"line":141},"12":{"loc":{"start":{"line":142,"column":6},"end":{"line":142,"column":38}},"type":"binary-expr","locations":[{"start":{"line":142,"column":6},"end":{"line":142,"column":30}},{"start":{"line":142,"column":34},"end":{"line":142,"column":38}}],"line":142},"13":{"loc":{"start":{"line":147,"column":18},"end":{"line":147,"column":73}},"type":"binary-expr","locations":[{"start":{"line":147,"column":18},"end":{"line":147,"column":40}},{"start":{"line":147,"column":44},"end":{"line":147,"column":67}},{"start":{"line":147,"column":71},"end":{"line":147,"column":73}}],"line":147},"14":{"loc":{"start":{"line":148,"column":17},"end":{"line":148,"column":72}},"type":"binary-expr","locations":[{"start":{"line":148,"column":17},"end":{"line":148,"column":38}},{"start":{"line":148,"column":42},"end":{"line":148,"column":64}},{"start":{"line":148,"column":68},"end":{"line":148,"column":72}}],"line":148},"15":{"loc":{"start":{"line":149,"column":18},"end":{"line":149,"column":68}},"type":"binary-expr","locations":[{"start":{"line":149,"column":18},"end":{"line":149,"column":36}},{"start":{"line":149,"column":40},"end":{"line":149,"column":63}},{"start":{"line":149,"column":67},"end":{"line":149,"column":68}}],"line":149},"16":{"loc":{"start":{"line":150,"column":21},"end":{"line":150,"column":85}},"type":"binary-expr","locations":[{"start":{"line":150,"column":21},"end":{"line":150,"column":42}},{"start":{"line":150,"column":46},"end":{"line":150,"column":72}},{"start":{"line":150,"column":76},"end":{"line":150,"column":85}}],"line":150},"17":{"loc":{"start":{"line":151,"column":17},"end":{"line":151,"column":70}},"type":"binary-expr","locations":[{"start":{"line":151,"column":17},"end":{"line":151,"column":38}},{"start":{"line":151,"column":42},"end":{"line":151,"column":64}},{"start":{"line":151,"column":68},"end":{"line":151,"column":70}}],"line":151},"18":{"loc":{"start":{"line":152,"column":19},"end":{"line":152,"column":51}},"type":"binary-expr","locations":[{"start":{"line":152,"column":19},"end":{"line":152,"column":43}},{"start":{"line":152,"column":47},"end":{"line":152,"column":51}}],"line":152},"19":{"loc":{"start":{"line":163,"column":35},"end":{"line":163,"column":45}},"type":"default-arg","locations":[{"start":{"line":163,"column":43},"end":{"line":163,"column":45}}],"line":163},"20":{"loc":{"start":{"line":163,"column":47},"end":{"line":163,"column":57}},"type":"default-arg","locations":[{"start":{"line":163,"column":56},"end":{"line":163,"column":57}}],"line":163},"21":{"loc":{"start":{"line":165,"column":2},"end":{"line":168,"column":3}},"type":"if","locations":[{"start":{"line":165,"column":2},"end":{"line":168,"column":3}},{"start":{},"end":{}}],"line":165},"22":{"loc":{"start":{"line":186,"column":17},"end":{"line":186,"column":94}},"type":"cond-expr","locations":[{"start":{"line":186,"column":53},"end":{"line":186,"column":78}},{"start":{"line":186,"column":81},"end":{"line":186,"column":94}}],"line":186},"23":{"loc":{"start":{"line":201,"column":2},"end":{"line":204,"column":3}},"type":"if","locations":[{"start":{"line":201,"column":2},"end":{"line":204,"column":3}},{"start":{},"end":{}}],"line":201},"24":{"loc":{"start":{"line":215,"column":4},"end":{"line":217,"column":5}},"type":"if","locations":[{"start":{"line":215,"column":4},"end":{"line":217,"column":5}},{"start":{},"end":{}}],"line":215},"25":{"loc":{"start":{"line":225,"column":17},"end":{"line":225,"column":94}},"type":"cond-expr","locations":[{"start":{"line":225,"column":53},"end":{"line":225,"column":78}},{"start":{"line":225,"column":81},"end":{"line":225,"column":94}}],"line":225},"26":{"loc":{"start":{"line":240,"column":2},"end":{"line":243,"column":3}},"type":"if","locations":[{"start":{"line":240,"column":2},"end":{"line":243,"column":3}},{"start":{},"end":{}}],"line":240},"27":{"loc":{"start":{"line":264,"column":2},"end":{"line":267,"column":3}},"type":"if","locations":[{"start":{"line":264,"column":2},"end":{"line":267,"column":3}},{"start":{},"end":{}}],"line":264},"28":{"loc":{"start":{"line":295,"column":20},"end":{"line":295,"column":47}},"type":"binary-expr","locations":[{"start":{"line":295,"column":20},"end":{"line":295,"column":42}},{"start":{"line":295,"column":46},"end":{"line":295,"column":47}}],"line":295},"29":{"loc":{"start":{"line":307,"column":2},"end":{"line":310,"column":3}},"type":"if","locations":[{"start":{"line":307,"column":2},"end":{"line":310,"column":3}},{"start":{},"end":{}}],"line":307},"30":{"loc":{"start":{"line":324,"column":2},"end":{"line":326,"column":3}},"type":"if","locations":[{"start":{"line":324,"column":2},"end":{"line":326,"column":3}},{"start":{},"end":{}}],"line":324},"31":{"loc":{"start":{"line":334,"column":2},"end":{"line":338,"column":3}},"type":"if","locations":[{"start":{"line":334,"column":2},"end":{"line":338,"column":3}},{"start":{},"end":{}}],"line":334}},"s":{"0":1,"1":1,"2":1,"3":1,"4":1,"5":1,"6":1,"7":0,"8":1,"9":1,"10":1,"11":1,"12":1,"13":1,"14":1,"15":0,"16":0,"17":0,"18":1,"19":1,"20":1,"21":1,"22":1,"23":1,"24":1,"25":0,"26":0,"27":0,"28":0,"29":1,"30":1,"31":0,"32":1,"33":1,"34":1,"35":0,"36":0,"37":1,"38":1,"39":1,"40":1,"41":1,"42":0,"43":0,"44":1,"45":1,"46":0,"47":0,"48":1,"49":1,"50":1,"51":1,"52":1,"53":0,"54":0,"55":1,"56":0,"57":0,"58":0,"59":0,"60":0,"61":0,"62":0,"63":0,"64":0,"65":0,"66":1,"67":0,"68":0,"69":0,"70":0,"71":0,"72":0,"73":0,"74":0,"75":0,"76":0,"77":0,"78":1,"79":0,"80":0,"81":0,"82":0,"83":0,"84":0,"85":0,"86":0,"87":0,"88":1,"89":0,"90":0,"91":0,"92":0,"93":0,"94":0,"95":0,"96":0,"97":0,"98":0,"99":0,"100":0,"101":0,"102":0,"103":0,"104":1,"105":0,"106":0,"107":0,"108":0,"109":0,"110":0,"111":1,"112":0,"113":0,"114":0,"115":1,"116":0,"117":0,"118":0,"119":0},"f":{"0":1,"1":1,"2":1,"3":1,"4":0,"5":0,"6":0,"7":0,"8":0,"9":0,"10":0,"11":0,"12":0},"b":{"0":[1,1],"1":[0,1],"2":[1,0],"3":[0,1],"4":[0,1],"5":[1,1],"6":[0,1],"7":[1,1,0],"8":[1,1,1],"9":[1,1,1],"10":[1,1,0],"11":[1,1,0],"12":[1,0],"13":[1,1,0],"14":[1,1,1],"15":[1,1,1],"16":[1,1,0],"17":[1,1,0],"18":[1,0],"19":[0],"20":[0],"21":[0,0],"22":[0,0],"23":[0,0],"24":[0,0],"25":[0,0],"26":[0,0],"27":[0,0],"28":[0,0],"29":[0,0],"30":[0,0],"31":[0,0]},"_coverageSchema":"1a1c01bbd47fc00a2c39e90264f33305004495a9","hash":"325b3a5e8c3ea5abb142c39100bc315b620043e9"}
,"/Users/christopheramos/Desktop/Scamicide/backend/src/detectors/communicationDetector.js": {"path":"/Users/christopheramos/Desktop/Scamicide/backend/src/detectors/communicationDetector.js","statementMap":{"0":{"start":{"line":6,"column":31},"end":{"line":39,"column":1}},"1":{"start":{"line":41,"column":43},"end":{"line":83,"column":1}},"2":{"start":{"line":42,"column":16},"end":{"line":42,"column":18}},"3":{"start":{"line":43,"column":19},"end":{"line":43,"column":20}},"4":{"start":{"line":44,"column":25},"end":{"line":44,"column":43}},"5":{"start":{"line":46,"column":2},"end":{"line":76,"column":3}},"6":{"start":{"line":47,"column":4},"end":{"line":75,"column":5}},"7":{"start":{"line":48,"column":6},"end":{"line":74,"column":7}},"8":{"start":{"line":51,"column":29},"end":{"line":51,"column":42}},"9":{"start":{"line":53,"column":8},"end":{"line":63,"column":9}},"10":{"start":{"line":55,"column":10},"end":{"line":57,"column":11}},"11":{"start":{"line":56,"column":12},"end":{"line":56,"column":61}},"12":{"start":{"line":59,"column":10},"end":{"line":61,"column":11}},"13":{"start":{"line":60,"column":12},"end":{"line":60,"column":62}},"14":{"start":{"line":65,"column":8},"end":{"line":71,"column":11}},"15":{"start":{"line":72,"column":8},"end":{"line":72,"column":37}},"16":{"start":{"line":73,"column":8},"end":{"line":73,"column":14}},"17":{"start":{"line":78,"column":2},"end":{"line":82,"column":4}}},"fnMap":{"0":{"name":"(anonymous_0)","decl":{"start":{"line":41,"column":43},"end":{"line":41,"column":44}},"loc":{"start":{"line":41,"column":81},"end":{"line":83,"column":1}},"line":41}},"branchMap":{"0":{"loc":{"start":{"line":41,"column":50},"end":{"line":41,"column":76}},"type":"default-arg","locations":[{"start":{"line":41,"column":71},"end":{"line":41,"column":76}}],"line":41},"1":{"loc":{"start":{"line":48,"column":6},"end":{"line":74,"column":7}},"type":"if","locations":[{"start":{"line":48,"column":6},"end":{"line":74,"column":7}},{"start":{},"end":{}}],"line":48},"2":{"loc":{"start":{"line":53,"column":8},"end":{"line":63,"column":9}},"type":"if","locations":[{"start":{"line":53,"column":8},"end":{"line":63,"column":9}},{"start":{},"end":{}}],"line":53},"3":{"loc":{"start":{"line":55,"column":10},"end":{"line":57,"column":11}},"type":"if","locations":[{"start":{"line":55,"column":10},"end":{"line":57,"column":11}},{"start":{},"end":{}}],"line":55},"4":{"loc":{"start":{"line":59,"column":10},"end":{"line":61,"column":11}},"type":"if","locations":[{"start":{"line":59,"column":10},"end":{"line":61,"column":11}},{"start":{},"end":{}}],"line":59},"5":{"loc":{"start":{"line":70,"column":23},"end":{"line":70,"column":53}},"type":"binary-expr","locations":[{"start":{"line":70,"column":23},"end":{"line":70,"column":47}},{"start":{"line":70,"column":51},"end":{"line":70,"column":53}}],"line":70}},"s":{"0":1,"1":1,"2":1,"3":1,"4":1,"5":1,"6":3,"7":14,"8":0,"9":0,"10":0,"11":0,"12":0,"13":0,"14":0,"15":0,"16":0,"17":1},"f":{"0":1},"b":{"0":[0],"1":[0,14],"2":[0,0],"3":[0,0],"4":[0,0],"5":[0,0]},"_coverageSchema":"1a1c01bbd47fc00a2c39e90264f33305004495a9","hash":"befb9ccde454b0a12cf018b65a4b2b2824076fd6"}
,"/Users/christopheramos/Desktop/Scamicide/backend/src/detectors/companyDetector.js": {"path":"/Users/christopheramos/Desktop/Scamicide/backend/src/detectors/companyDetector.js","statementMap":{"0":{"start":{"line":6,"column":25},"end":{"line":37,"column":1}},"1":{"start":{"line":39,"column":37},"end":{"line":65,"column":1}},"2":{"start":{"line":40,"column":16},"end":{"line":40,"column":18}},"3":{"start":{"line":41,"column":19},"end":{"line":41,"column":20}},"4":{"start":{"line":42,"column":25},"end":{"line":42,"column":43}},"5":{"start":{"line":44,"column":2},"end":{"line":58,"column":3}},"6":{"start":{"line":45,"column":4},"end":{"line":57,"column":5}},"7":{"start":{"line":46,"column":6},"end":{"line":56,"column":7}},"8":{"start":{"line":47,"column":8},"end":{"line":53,"column":11}},"9":{"start":{"line":54,"column":8},"end":{"line":54,"column":36}},"10":{"start":{"line":55,"column":8},"end":{"line":55,"column":14}},"11":{"start":{"line":60,"column":2},"end":{"line":64,"column":4}}},"fnMap":{"0":{"name":"(anonymous_0)","decl":{"start":{"line":39,"column":37},"end":{"line":39,"column":38}},"loc":{"start":{"line":39,"column":47},"end":{"line":65,"column":1}},"line":39}},"branchMap":{"0":{"loc":{"start":{"line":46,"column":6},"end":{"line":56,"column":7}},"type":"if","locations":[{"start":{"line":46,"column":6},"end":{"line":56,"column":7}},{"start":{},"end":{}}],"line":46},"1":{"loc":{"start":{"line":52,"column":23},"end":{"line":52,"column":53}},"type":"binary-expr","locations":[{"start":{"line":52,"column":23},"end":{"line":52,"column":47}},{"start":{"line":52,"column":51},"end":{"line":52,"column":53}}],"line":52}},"s":{"0":1,"1":1,"2":1,"3":1,"4":1,"5":1,"6":3,"7":12,"8":0,"9":0,"10":0,"11":1},"f":{"0":1},"b":{"0":[0,12],"1":[0,0]},"_coverageSchema":"1a1c01bbd47fc00a2c39e90264f33305004495a9","hash":"6c0669cc0b506d182dff5f643f985c27f925b48a"}
,"/Users/christopheramos/Desktop/Scamicide/backend/src/detectors/grammarDetector.js": {"path":"/Users/christopheramos/Desktop/Scamicide/backend/src/detectors/grammarDetector.js","statementMap":{"0":{"start":{"line":6,"column":25},"end":{"line":22,"column":1}},"1":{"start":{"line":24,"column":27},"end":{"line":33,"column":1}},"2":{"start":{"line":35,"column":37},"end":{"line":72,"column":1}},"3":{"start":{"line":36,"column":16},"end":{"line":36,"column":18}},"4":{"start":{"line":37,"column":19},"end":{"line":37,"column":20}},"5":{"start":{"line":38,"column":28},"end":{"line":38,"column":56}},"6":{"start":{"line":40,"column":2},"end":{"line":53,"column":3}},"7":{"start":{"line":41,"column":20},"end":{"line":41,"column":46}},"8":{"start":{"line":42,"column":4},"end":{"line":52,"column":5}},"9":{"start":{"line":43,"column":29},"end":{"line":43,"column":74}},"10":{"start":{"line":44,"column":6},"end":{"line":50,"column":9}},"11":{"start":{"line":51,"column":6},"end":{"line":51,"column":65}},"12":{"start":{"line":55,"column":2},"end":{"line":65,"column":3}},"13":{"start":{"line":56,"column":4},"end":{"line":64,"column":5}},"14":{"start":{"line":57,"column":6},"end":{"line":62,"column":9}},"15":{"start":{"line":63,"column":6},"end":{"line":63,"column":22}},"16":{"start":{"line":67,"column":2},"end":{"line":71,"column":4}}},"fnMap":{"0":{"name":"(anonymous_0)","decl":{"start":{"line":35,"column":37},"end":{"line":35,"column":38}},"loc":{"start":{"line":35,"column":75},"end":{"line":72,"column":1}},"line":35}},"branchMap":{"0":{"loc":{"start":{"line":35,"column":44},"end":{"line":35,"column":70}},"type":"default-arg","locations":[{"start":{"line":35,"column":65},"end":{"line":35,"column":70}}],"line":35},"1":{"loc":{"start":{"line":38,"column":28},"end":{"line":38,"column":56}},"type":"cond-expr","locations":[{"start":{"line":38,"column":49},"end":{"line":38,"column":52}},{"start":{"line":38,"column":55},"end":{"line":38,"column":56}}],"line":38},"2":{"loc":{"start":{"line":42,"column":4},"end":{"line":52,"column":5}},"type":"if","locations":[{"start":{"line":42,"column":4},"end":{"line":52,"column":5}},{"start":{},"end":{}}],"line":42},"3":{"loc":{"start":{"line":42,"column":8},"end":{"line":42,"column":37}},"type":"binary-expr","locations":[{"start":{"line":42,"column":8},"end":{"line":42,"column":15}},{"start":{"line":42,"column":19},"end":{"line":42,"column":37}}],"line":42},"4":{"loc":{"start":{"line":56,"column":4},"end":{"line":64,"column":5}},"type":"if","locations":[{"start":{"line":56,"column":4},"end":{"line":64,"column":5}},{"start":{},"end":{}}],"line":56}},"s":{"0":1,"1":1,"2":1,"3":1,"4":1,"5":1,"6":1,"7":3,"8":3,"9":0,"10":0,"11":0,"12":1,"13":8,"14":0,"15":0,"16":1},"f":{"0":1},"b":{"0":[0],"1":[0,1],"2":[0,3],"3":[3,0],"4":[0,8]},"_coverageSchema":"1a1c01bbd47fc00a2c39e90264f33305004495a9","hash":"2c428b6f47fb06856462e7f87ec22334b004ad1b"}
,"/Users/christopheramos/Desktop/Scamicide/backend/src/detectors/identityDetector.js": {"path":"/Users/christopheramos/Desktop/Scamicide/backend/src/detectors/identityDetector.js","statementMap":{"0":{"start":{"line":9,"column":26},"end":{"line":51,"column":1}},"1":{"start":{"line":58,"column":38},"end":{"line":84,"column":1}},"2":{"start":{"line":59,"column":16},"end":{"line":59,"column":18}},"3":{"start":{"line":60,"column":19},"end":{"line":60,"column":20}},"4":{"start":{"line":61,"column":25},"end":{"line":61,"column":43}},"5":{"start":{"line":63,"column":2},"end":{"line":77,"column":3}},"6":{"start":{"line":64,"column":4},"end":{"line":76,"column":5}},"7":{"start":{"line":65,"column":6},"end":{"line":75,"column":7}},"8":{"start":{"line":66,"column":8},"end":{"line":72,"column":11}},"9":{"start":{"line":73,"column":8},"end":{"line":73,"column":36}},"10":{"start":{"line":74,"column":8},"end":{"line":74,"column":14}},"11":{"start":{"line":79,"column":2},"end":{"line":83,"column":4}}},"fnMap":{"0":{"name":"(anonymous_0)","decl":{"start":{"line":58,"column":38},"end":{"line":58,"column":39}},"loc":{"start":{"line":58,"column":48},"end":{"line":84,"column":1}},"line":58}},"branchMap":{"0":{"loc":{"start":{"line":65,"column":6},"end":{"line":75,"column":7}},"type":"if","locations":[{"start":{"line":65,"column":6},"end":{"line":75,"column":7}},{"start":{},"end":{}}],"line":65},"1":{"loc":{"start":{"line":71,"column":23},"end":{"line":71,"column":53}},"type":"binary-expr","locations":[{"start":{"line":71,"column":23},"end":{"line":71,"column":47}},{"start":{"line":71,"column":51},"end":{"line":71,"column":53}}],"line":71}},"s":{"0":1,"1":1,"2":1,"3":1,"4":1,"5":1,"6":3,"7":18,"8":0,"9":0,"10":0,"11":1},"f":{"0":1},"b":{"0":[0,18],"1":[0,0]},"_coverageSchema":"1a1c01bbd47fc00a2c39e90264f33305004495a9","hash":"a900b6b45a2f376fb1c7566b42f9509249b4e4c0"}
,"/Users/christopheramos/Desktop/Scamicide/backend/src/detectors/paymentDetector.js": {"path":"/Users/christopheramos/Desktop/Scamicide/backend/src/detectors/paymentDetector.js","statementMap":{"0":{"start":{"line":9,"column":25},"end":{"line":80,"column":1}},"1":{"start":{"line":87,"column":37},"end":{"line":114,"column":1}},"2":{"start":{"line":88,"column":16},"end":{"line":88,"column":18}},"3":{"start":{"line":89,"column":19},"end":{"line":89,"column":20}},"4":{"start":{"line":90,"column":25},"end":{"line":90,"column":43}},"5":{"start":{"line":93,"column":2},"end":{"line":107,"column":3}},"6":{"start":{"line":94,"column":4},"end":{"line":106,"column":5}},"7":{"start":{"line":95,"column":6},"end":{"line":105,"column":7}},"8":{"start":{"line":96,"column":8},"end":{"line":102,"column":11}},"9":{"start":{"line":103,"column":8},"end":{"line":103,"column":36}},"10":{"start":{"line":104,"column":8},"end":{"line":104,"column":14}},"11":{"start":{"line":109,"column":2},"end":{"line":113,"column":4}}},"fnMap":{"0":{"name":"(anonymous_0)","decl":{"start":{"line":87,"column":37},"end":{"line":87,"column":38}},"loc":{"start":{"line":87,"column":47},"end":{"line":114,"column":1}},"line":87}},"branchMap":{"0":{"loc":{"start":{"line":95,"column":6},"end":{"line":105,"column":7}},"type":"if","locations":[{"start":{"line":95,"column":6},"end":{"line":105,"column":7}},{"start":{},"end":{}}],"line":95},"1":{"loc":{"start":{"line":101,"column":23},"end":{"line":101,"column":53}},"type":"binary-expr","locations":[{"start":{"line":101,"column":23},"end":{"line":101,"column":47}},{"start":{"line":101,"column":51},"end":{"line":101,"column":53}}],"line":101}},"s":{"0":1,"1":1,"2":1,"3":1,"4":1,"5":1,"6":4,"7":39,"8":0,"9":0,"10":0,"11":1},"f":{"0":1},"b":{"0":[0,39],"1":[0,0]},"_coverageSchema":"1a1c01bbd47fc00a2c39e90264f33305004495a9","hash":"d44b90e5547cea57c78a06f86f1fe84296b425a8"}
,"/Users/christopheramos/Desktop/Scamicide/backend/src/detectors/urgencyDetector.js": {"path":"/Users/christopheramos/Desktop/Scamicide/backend/src/detectors/urgencyDetector.js","statementMap":{"0":{"start":{"line":6,"column":25},"end":{"line":55,"column":1}},"1":{"start":{"line":57,"column":37},"end":{"line":83,"column":1}},"2":{"start":{"line":58,"column":16},"end":{"line":58,"column":18}},"3":{"start":{"line":59,"column":19},"end":{"line":59,"column":20}},"4":{"start":{"line":60,"column":25},"end":{"line":60,"column":43}},"5":{"start":{"line":62,"column":2},"end":{"line":76,"column":3}},"6":{"start":{"line":63,"column":4},"end":{"line":75,"column":5}},"7":{"start":{"line":64,"column":6},"end":{"line":74,"column":7}},"8":{"start":{"line":65,"column":8},"end":{"line":71,"column":11}},"9":{"start":{"line":72,"column":8},"end":{"line":72,"column":36}},"10":{"start":{"line":73,"column":8},"end":{"line":73,"column":14}},"11":{"start":{"line":78,"column":2},"end":{"line":82,"column":4}}},"fnMap":{"0":{"name":"(anonymous_0)","decl":{"start":{"line":57,"column":37},"end":{"line":57,"column":38}},"loc":{"start":{"line":57,"column":47},"end":{"line":83,"column":1}},"line":57}},"branchMap":{"0":{"loc":{"start":{"line":64,"column":6},"end":{"line":74,"column":7}},"type":"if","locations":[{"start":{"line":64,"column":6},"end":{"line":74,"column":7}},{"start":{},"end":{}}],"line":64},"1":{"loc":{"start":{"line":70,"column":23},"end":{"line":70,"column":53}},"type":"binary-expr","locations":[{"start":{"line":70,"column":23},"end":{"line":70,"column":47}},{"start":{"line":70,"column":51},"end":{"line":70,"column":53}}],"line":70}},"s":{"0":1,"1":1,"2":1,"3":1,"4":1,"5":1,"6":4,"7":24,"8":0,"9":0,"10":0,"11":1},"f":{"0":1},"b":{"0":[0,24],"1":[0,0]},"_coverageSchema":"1a1c01bbd47fc00a2c39e90264f33305004495a9","hash":"06b00753e057917679a7fa92a556cc39488b83e6"}
,"/Users/christopheramos/Desktop/Scamicide/backend/src/middleware/errorHandler.js": {"path":"/Users/christopheramos/Desktop/Scamicide/backend/src/middleware/errorHandler.js","statementMap":{"0":{"start":{"line":11,"column":4},"end":{"line":11,"column":19}},"1":{"start":{"line":12,"column":4},"end":{"line":12,"column":33}},"2":{"start":{"line":13,"column":4},"end":{"line":13,"column":21}},"3":{"start":{"line":14,"column":4},"end":{"line":14,"column":30}},"4":{"start":{"line":15,"column":4},"end":{"line":15,"column":52}},"5":{"start":{"line":24,"column":4},"end":{"line":24,"column":53}},"6":{"start":{"line":33,"column":4},"end":{"line":33,"column":44}},"7":{"start":{"line":34,"column":4},"end":{"line":34,"column":25}},"8":{"start":{"line":41,"column":28},"end":{"line":43,"column":1}},"9":{"start":{"line":41,"column":36},"end":{"line":43,"column":1}},"10":{"start":{"line":42,"column":2},"end":{"line":42,"column":50}},"11":{"start":{"line":48,"column":28},"end":{"line":67,"column":1}},"12":{"start":{"line":49,"column":19},"end":{"line":56,"column":3}},"13":{"start":{"line":58,"column":2},"end":{"line":60,"column":3}},"14":{"start":{"line":59,"column":4},"end":{"line":59,"column":42}},"15":{"start":{"line":62,"column":2},"end":{"line":64,"column":3}},"16":{"start":{"line":63,"column":4},"end":{"line":63,"column":39}},"17":{"start":{"line":66,"column":2},"end":{"line":66,"column":18}},"18":{"start":{"line":72,"column":28},"end":{"line":175,"column":1}},"19":{"start":{"line":73,"column":2},"end":{"line":80,"column":5}},"20":{"start":{"line":83,"column":2},"end":{"line":92,"column":3}},"21":{"start":{"line":84,"column":4},"end":{"line":91,"column":7}},"22":{"start":{"line":95,"column":2},"end":{"line":104,"column":3}},"23":{"start":{"line":96,"column":4},"end":{"line":103,"column":7}},"24":{"start":{"line":106,"column":2},"end":{"line":116,"column":3}},"25":{"start":{"line":107,"column":4},"end":{"line":115,"column":7}},"26":{"start":{"line":118,"column":2},"end":{"line":127,"column":3}},"27":{"start":{"line":119,"column":4},"end":{"line":126,"column":7}},"28":{"start":{"line":130,"column":2},"end":{"line":140,"column":3}},"29":{"start":{"line":131,"column":4},"end":{"line":131,"column":42}},"30":{"start":{"line":132,"column":4},"end":{"line":139,"column":7}},"31":{"start":{"line":143,"column":2},"end":{"line":153,"column":3}},"32":{"start":{"line":144,"column":4},"end":{"line":144,"column":40}},"33":{"start":{"line":145,"column":4},"end":{"line":152,"column":7}},"34":{"start":{"line":156,"column":2},"end":{"line":166,"column":3}},"35":{"start":{"line":157,"column":4},"end":{"line":157,"column":38}},"36":{"start":{"line":158,"column":4},"end":{"line":165,"column":7}},"37":{"start":{"line":169,"column":21},"end":{"line":169,"column":42}},"38":{"start":{"line":170,"column":24},"end":{"line":170,"column":62}},"39":{"start":{"line":172,"column":2},"end":{"line":174,"column":4}}},"fnMap":{"0":{"name":"(anonymous_0)","decl":{"start":{"line":10,"column":2},"end":{"line":10,"column":3}},"loc":{"start":{"line":10,"column":66},"end":{"line":16,"column":3}},"line":10},"1":{"name":"(anonymous_1)","decl":{"start":{"line":23,"column":2},"end":{"line":23,"column":3}},"loc":{"start":{"line":23,"column":37},"end":{"line":25,"column":3}},"line":23},"2":{"name":"(anonymous_2)","decl":{"start":{"line":32,"column":2},"end":{"line":32,"column":3}},"loc":{"start":{"line":32,"column":36},"end":{"line":35,"column":3}},"line":32},"3":{"name":"(anonymous_3)","decl":{"start":{"line":41,"column":28},"end":{"line":41,"column":29}},"loc":{"start":{"line":41,"column":36},"end":{"line":43,"column":1}},"line":41},"4":{"name":"(anonymous_4)","decl":{"start":{"line":41,"column":36},"end":{"line":41,"column":37}},"loc":{"start":{"line":41,"column":56},"end":{"line":43,"column":1}},"line":41},"5":{"name":"(anonymous_5)","decl":{"start":{"line":48,"column":28},"end":{"line":48,"column":29}},"loc":{"start":{"line":48,"column":61},"end":{"line":67,"column":1}},"line":48},"6":{"name":"(anonymous_6)","decl":{"start":{"line":72,"column":28},"end":{"line":72,"column":29}},"loc":{"start":{"line":72,"column":53},"end":{"line":175,"column":1}},"line":72}},"branchMap":{"0":{"loc":{"start":{"line":10,"column":23},"end":{"line":10,"column":39}},"type":"default-arg","locations":[{"start":{"line":10,"column":36},"end":{"line":10,"column":39}}],"line":10},"1":{"loc":{"start":{"line":10,"column":41},"end":{"line":10,"column":64}},"type":"default-arg","locations":[{"start":{"line":10,"column":48},"end":{"line":10,"column":64}}],"line":10},"2":{"loc":{"start":{"line":23,"column":14},"end":{"line":23,"column":35}},"type":"default-arg","locations":[{"start":{"line":23,"column":25},"end":{"line":23,"column":35}}],"line":23},"3":{"loc":{"start":{"line":32,"column":23},"end":{"line":32,"column":34}},"type":"default-arg","locations":[{"start":{"line":32,"column":32},"end":{"line":32,"column":34}}],"line":32},"4":{"loc":{"start":{"line":48,"column":36},"end":{"line":48,"column":56}},"type":"default-arg","locations":[{"start":{"line":48,"column":51},"end":{"line":48,"column":56}}],"line":48},"5":{"loc":{"start":{"line":53,"column":12},"end":{"line":53,"column":33}},"type":"binary-expr","locations":[{"start":{"line":53,"column":12},"end":{"line":53,"column":22}},{"start":{"line":53,"column":26},"end":{"line":53,"column":33}}],"line":53},"6":{"loc":{"start":{"line":54,"column":14},"end":{"line":54,"column":37}},"type":"binary-expr","locations":[{"start":{"line":54,"column":14},"end":{"line":54,"column":30}},{"start":{"line":54,"column":34},"end":{"line":54,"column":37}}],"line":54},"7":{"loc":{"start":{"line":58,"column":2},"end":{"line":60,"column":3}},"type":"if","locations":[{"start":{"line":58,"column":2},"end":{"line":60,"column":3}},{"start":{},"end":{}}],"line":58},"8":{"loc":{"start":{"line":62,"column":2},"end":{"line":64,"column":3}},"type":"if","locations":[{"start":{"line":62,"column":2},"end":{"line":64,"column":3}},{"start":{},"end":{}}],"line":62},"9":{"loc":{"start":{"line":62,"column":6},"end":{"line":62,"column":33}},"type":"binary-expr","locations":[{"start":{"line":62,"column":6},"end":{"line":62,"column":18}},{"start":{"line":62,"column":22},"end":{"line":62,"column":33}}],"line":62},"10":{"loc":{"start":{"line":83,"column":2},"end":{"line":92,"column":3}},"type":"if","locations":[{"start":{"line":83,"column":2},"end":{"line":92,"column":3}},{"start":{},"end":{}}],"line":83},"11":{"loc":{"start":{"line":83,"column":6},"end":{"line":83,"column":71}},"type":"binary-expr","locations":[{"start":{"line":83,"column":6},"end":{"line":83,"column":32}},{"start":{"line":83,"column":36},"end":{"line":83,"column":54}},{"start":{"line":83,"column":58},"end":{"line":83,"column":71}}],"line":83},"12":{"loc":{"start":{"line":95,"column":2},"end":{"line":104,"column":3}},"type":"if","locations":[{"start":{"line":95,"column":2},"end":{"line":104,"column":3}},{"start":{},"end":{}}],"line":95},"13":{"loc":{"start":{"line":95,"column":6},"end":{"line":95,"column":83}},"type":"binary-expr","locations":[{"start":{"line":95,"column":6},"end":{"line":95,"column":40}},{"start":{"line":95,"column":44},"end":{"line":95,"column":83}}],"line":95},"14":{"loc":{"start":{"line":106,"column":2},"end":{"line":116,"column":3}},"type":"if","locations":[{"start":{"line":106,"column":2},"end":{"line":116,"column":3}},{"start":{},"end":{}}],"line":106},"15":{"loc":{"start":{"line":118,"column":2},"end":{"line":127,"column":3}},"type":"if","locations":[{"start":{"line":118,"column":2},"end":{"line":127,"column":3}},{"start":{},"end":{}}],"line":118},"16":{"loc":{"start":{"line":130,"column":2},"end":{"line":140,"column":3}},"type":"if","locations":[{"start":{"line":130,"column":2},"end":{"line":140,"column":3}},{"start":{},"end":{}}],"line":130},"17":{"loc":{"start":{"line":130,"column":6},"end":{"line":130,"column":48}},"type":"binary-expr","locations":[{"start":{"line":130,"column":6},"end":{"line":130,"column":14}},{"start":{"line":130,"column":18},"end":{"line":130,"column":48}}],"line":130},"18":{"loc":{"start":{"line":143,"column":2},"end":{"line":153,"column":3}},"type":"if","locations":[{"start":{"line":143,"column":2},"end":{"line":153,"column":3}},{"start":{},"end":{}}],"line":143},"19":{"loc":{"start":{"line":143,"column":6},"end":{"line":143,"column":51}},"type":"binary-expr","locations":[{"start":{"line":143,"column":6},"end":{"line":143,"column":17}},{"start":{"line":143,"column":21},"end":{"line":143,"column":51}}],"line":143},"20":{"loc":{"start":{"line":156,"column":2},"end":{"line":166,"column":3}},"type":"if","locations":[{"start":{"line":156,"column":2},"end":{"line":166,"column":3}},{"start":{},"end":{}}],"line":156},"21":{"loc":{"start":{"line":169,"column":21},"end":{"line":169,"column":42}},"type":"binary-expr","locations":[{"start":{"line":169,"column":21},"end":{"line":169,"column":35}},{"start":{"line":169,"column":39},"end":{"line":169,"column":42}}],"line":169}},"s":{"0":0,"1":0,"2":0,"3":0,"4":0,"5":0,"6":0,"7":0,"8":1,"9":7,"10":1,"11":1,"12":0,"13":0,"14":0,"15":0,"16":0,"17":0,"18":1,"19":0,"20":0,"21":0,"22":0,"23":0,"24":0,"25":0,"26":0,"27":0,"28":0,"29":0,"30":0,"31":0,"32":0,"33":0,"34":0,"35":0,"36":0,"37":0,"38":0,"39":0},"f":{"0":0,"1":0,"2":0,"3":7,"4":1,"5":0,"6":0},"b":{"0":[0],"1":[0],"2":[0],"3":[0],"4":[0],"5":[0,0],"6":[0,0],"7":[0,0],"8":[0,0],"9":[0,0],"10":[0,0],"11":[0,0,0],"12":[0,0],"13":[0,0],"14":[0,0],"15":[0,0],"16":[0,0],"17":[0,0],"18":[0,0],"19":[0,0],"20":[0,0],"21":[0,0]},"_coverageSchema":"1a1c01bbd47fc00a2c39e90264f33305004495a9","hash":"a65107379b94a6a2a67ab91fe9e51ec46a071563"}
,"/Users/christopheramos/Desktop/Scamicide/backend/src/middleware/requestLogger.js": {"path":"/Users/christopheramos/Desktop/Scamicide/backend/src/middleware/requestLogger.js","statementMap":{"0":{"start":{"line":9,"column":29},"end":{"line":42,"column":1}},"1":{"start":{"line":10,"column":16},"end":{"line":10,"column":26}},"2":{"start":{"line":11,"column":40},"end":{"line":11,"column":43}},"3":{"start":{"line":14,"column":2},"end":{"line":14,"column":64}},"4":{"start":{"line":17,"column":2},"end":{"line":20,"column":3}},"5":{"start":{"line":18,"column":26},"end":{"line":18,"column":50}},"6":{"start":{"line":19,"column":4},"end":{"line":19,"column":76}},"7":{"start":{"line":23,"column":23},"end":{"line":23,"column":41}},"8":{"start":{"line":26,"column":2},"end":{"line":39,"column":4}},"9":{"start":{"line":27,"column":25},"end":{"line":27,"column":43}},"10":{"start":{"line":30,"column":4},"end":{"line":30,"column":86}},"11":{"start":{"line":33,"column":4},"end":{"line":35,"column":5}},"12":{"start":{"line":34,"column":6},"end":{"line":34,"column":72}},"13":{"start":{"line":38,"column":4},"end":{"line":38,"column":30}},"14":{"start":{"line":41,"column":2},"end":{"line":41,"column":9}},"15":{"start":{"line":47,"column":27},"end":{"line":66,"column":1}},"16":{"start":{"line":48,"column":2},"end":{"line":50,"column":3}},"17":{"start":{"line":49,"column":4},"end":{"line":49,"column":16}},"18":{"start":{"line":52,"column":26},"end":{"line":55,"column":3}},"19":{"start":{"line":57,"column":20},"end":{"line":57,"column":31}},"20":{"start":{"line":59,"column":2},"end":{"line":63,"column":3}},"21":{"start":{"line":60,"column":4},"end":{"line":62,"column":5}},"22":{"start":{"line":61,"column":6},"end":{"line":61,"column":38}},"23":{"start":{"line":65,"column":2},"end":{"line":65,"column":19}}},"fnMap":{"0":{"name":"(anonymous_0)","decl":{"start":{"line":9,"column":29},"end":{"line":9,"column":30}},"loc":{"start":{"line":9,"column":49},"end":{"line":42,"column":1}},"line":9},"1":{"name":"(anonymous_1)","decl":{"start":{"line":26,"column":13},"end":{"line":26,"column":14}},"loc":{"start":{"line":26,"column":23},"end":{"line":39,"column":3}},"line":26},"2":{"name":"(anonymous_2)","decl":{"start":{"line":47,"column":27},"end":{"line":47,"column":28}},"loc":{"start":{"line":47,"column":37},"end":{"line":66,"column":1}},"line":47}},"branchMap":{"0":{"loc":{"start":{"line":17,"column":2},"end":{"line":20,"column":3}},"type":"if","locations":[{"start":{"line":17,"column":2},"end":{"line":20,"column":3}},{"start":{},"end":{}}],"line":17},"1":{"loc":{"start":{"line":17,"column":6},"end":{"line":17,"column":43}},"type":"binary-expr","locations":[{"start":{"line":17,"column":6},"end":{"line":17,"column":23}},{"start":{"line":17,"column":27},"end":{"line":17,"column":43}}],"line":17},"2":{"loc":{"start":{"line":33,"column":4},"end":{"line":35,"column":5}},"type":"if","locations":[{"start":{"line":33,"column":4},"end":{"line":35,"column":5}},{"start":{},"end":{}}],"line":33},"3":{"loc":{"start":{"line":48,"column":2},"end":{"line":50,"column":3}},"type":"if","locations":[{"start":{"line":48,"column":2},"end":{"line":50,"column":3}},{"start":{},"end":{}}],"line":48},"4":{"loc":{"start":{"line":48,"column":6},"end":{"line":48,"column":39}},"type":"binary-expr","locations":[{"start":{"line":48,"column":6},"end":{"line":48,"column":11}},{"start":{"line":48,"column":15},"end":{"line":48,"column":39}}],"line":48},"5":{"loc":{"start":{"line":60,"column":4},"end":{"line":62,"column":5}},"type":"if","locations":[{"start":{"line":60,"column":4},"end":{"line":62,"column":5}},{"start":{},"end":{}}],"line":60}},"s":{"0":1,"1":1,"2":1,"3":1,"4":1,"5":1,"6":1,"7":1,"8":1,"9":1,"10":1,"11":1,"12":0,"13":1,"14":1,"15":1,"16":1,"17":0,"18":1,"19":1,"20":1,"21":9,"22":0,"23":1},"f":{"0":1,"1":1,"2":1},"b":{"0":[1,0],"1":[1,0],"2":[0,1],"3":[0,1],"4":[1,1],"5":[0,9]},"_coverageSchema":"1a1c01bbd47fc00a2c39e90264f33305004495a9","hash":"409a613361221ffdd26fbbc23f37d1bac5e76ae2"}
,"/Users/christopheramos/Desktop/Scamicide/backend/src/routes/analyze.js": {"path":"/Users/christopheramos/Desktop/Scamicide/backend/src/routes/analyze.js","statementMap":{"0":{"start":{"line":12,"column":15},"end":{"line":12,"column":31}},"1":{"start":{"line":14,"column":31},"end":{"line":25,"column":1}},"2":{"start":{"line":27,"column":31},"end":{"line":41,"column":1}},"3":{"start":{"line":28,"column":17},"end":{"line":28,"column":38}},"4":{"start":{"line":29,"column":2},"end":{"line":39,"column":3}},"5":{"start":{"line":30,"column":4},"end":{"line":38,"column":7}},"6":{"start":{"line":40,"column":2},"end":{"line":40,"column":9}},"7":{"start":{"line":43,"column":0},"end":{"line":125,"column":2}},"8":{"start":{"line":47,"column":26},"end":{"line":47,"column":34}},"9":{"start":{"line":49,"column":4},"end":{"line":49,"column":118}},"10":{"start":{"line":51,"column":4},"end":{"line":61,"column":5}},"11":{"start":{"line":52,"column":6},"end":{"line":52,"column":73}},"12":{"start":{"line":53,"column":6},"end":{"line":60,"column":9}},"13":{"start":{"line":65,"column":4},"end":{"line":82,"column":5}},"14":{"start":{"line":66,"column":6},"end":{"line":70,"column":7}},"15":{"start":{"line":67,"column":8},"end":{"line":67,"column":48}},"16":{"start":{"line":69,"column":8},"end":{"line":69,"column":47}},"17":{"start":{"line":72,"column":6},"end":{"line":72,"column":58}},"18":{"start":{"line":73,"column":6},"end":{"line":81,"column":9}},"19":{"start":{"line":84,"column":4},"end":{"line":95,"column":5}},"20":{"start":{"line":85,"column":6},"end":{"line":85,"column":90}},"21":{"start":{"line":86,"column":6},"end":{"line":94,"column":9}},"22":{"start":{"line":97,"column":4},"end":{"line":118,"column":5}},"23":{"start":{"line":98,"column":6},"end":{"line":117,"column":7}},"24":{"start":{"line":99,"column":22},"end":{"line":106,"column":10}},"25":{"start":{"line":108,"column":8},"end":{"line":113,"column":9}},"26":{"start":{"line":109,"column":10},"end":{"line":109,"column":39}},"27":{"start":{"line":110,"column":10},"end":{"line":110,"column":47}},"28":{"start":{"line":112,"column":10},"end":{"line":112,"column":48}},"29":{"start":{"line":115,"column":8},"end":{"line":115,"column":59}},"30":{"start":{"line":116,"column":8},"end":{"line":116,"column":46}},"31":{"start":{"line":120,"column":4},"end":{"line":123,"column":7}},"32":{"start":{"line":127,"column":0},"end":{"line":138,"column":2}},"33":{"start":{"line":129,"column":22},"end":{"line":129,"column":45}},"34":{"start":{"line":130,"column":4},"end":{"line":136,"column":7}},"35":{"start":{"line":134,"column":55},"end":{"line":134,"column":71}},"36":{"start":{"line":140,"column":0},"end":{"line":164,"column":2}},"37":{"start":{"line":142,"column":23},"end":{"line":153,"column":84}},"38":{"start":{"line":155,"column":21},"end":{"line":155,"column":44}},"39":{"start":{"line":156,"column":4},"end":{"line":162,"column":7}},"40":{"start":{"line":166,"column":0},"end":{"line":185,"column":2}},"41":{"start":{"line":172,"column":18},"end":{"line":172,"column":39}},"42":{"start":{"line":173,"column":19},"end":{"line":173,"column":40}},"43":{"start":{"line":174,"column":20},"end":{"line":174,"column":53}},"44":{"start":{"line":175,"column":4},"end":{"line":183,"column":7}},"45":{"start":{"line":187,"column":0},"end":{"line":195,"column":2}},"46":{"start":{"line":189,"column":18},"end":{"line":189,"column":36}},"47":{"start":{"line":190,"column":4},"end":{"line":193,"column":7}},"48":{"start":{"line":197,"column":0},"end":{"line":209,"column":2}},"49":{"start":{"line":199,"column":32},"end":{"line":199,"column":65}},"50":{"start":{"line":200,"column":21},"end":{"line":200,"column":51}},"51":{"start":{"line":201,"column":4},"end":{"line":206,"column":5}},"52":{"start":{"line":202,"column":6},"end":{"line":205,"column":9}},"53":{"start":{"line":207,"column":4},"end":{"line":207,"column":48}},"54":{"start":{"line":211,"column":0},"end":{"line":223,"column":2}},"55":{"start":{"line":213,"column":31},"end":{"line":213,"column":64}},"56":{"start":{"line":214,"column":20},"end":{"line":214,"column":49}},"57":{"start":{"line":215,"column":4},"end":{"line":220,"column":5}},"58":{"start":{"line":216,"column":6},"end":{"line":219,"column":9}},"59":{"start":{"line":221,"column":4},"end":{"line":221,"column":74}}},"fnMap":{"0":{"name":"(anonymous_0)","decl":{"start":{"line":27,"column":31},"end":{"line":27,"column":32}},"loc":{"start":{"line":27,"column":51},"end":{"line":41,"column":1}},"line":27},"1":{"name":"(anonymous_1)","decl":{"start":{"line":46,"column":15},"end":{"line":46,"column":16}},"loc":{"start":{"line":46,"column":35},"end":{"line":124,"column":3}},"line":46},"2":{"name":"(anonymous_2)","decl":{"start":{"line":128,"column":15},"end":{"line":128,"column":16}},"loc":{"start":{"line":128,"column":35},"end":{"line":137,"column":3}},"line":128},"3":{"name":"(anonymous_3)","decl":{"start":{"line":134,"column":43},"end":{"line":134,"column":44}},"loc":{"start":{"line":134,"column":55},"end":{"line":134,"column":71}},"line":134},"4":{"name":"(anonymous_4)","decl":{"start":{"line":141,"column":15},"end":{"line":141,"column":16}},"loc":{"start":{"line":141,"column":35},"end":{"line":163,"column":3}},"line":141},"5":{"name":"(anonymous_5)","decl":{"start":{"line":171,"column":15},"end":{"line":171,"column":16}},"loc":{"start":{"line":171,"column":35},"end":{"line":184,"column":3}},"line":171},"6":{"name":"(anonymous_6)","decl":{"start":{"line":188,"column":15},"end":{"line":188,"column":16}},"loc":{"start":{"line":188,"column":35},"end":{"line":194,"column":3}},"line":188},"7":{"name":"(anonymous_7)","decl":{"start":{"line":198,"column":15},"end":{"line":198,"column":16}},"loc":{"start":{"line":198,"column":35},"end":{"line":208,"column":3}},"line":198},"8":{"name":"(anonymous_8)","decl":{"start":{"line":212,"column":15},"end":{"line":212,"column":16}},"loc":{"start":{"line":212,"column":35},"end":{"line":222,"column":3}},"line":212}},"branchMap":{"0":{"loc":{"start":{"line":29,"column":2},"end":{"line":39,"column":3}},"type":"if","locations":[{"start":{"line":29,"column":2},"end":{"line":39,"column":3}},{"start":{},"end":{}}],"line":29},"1":{"loc":{"start":{"line":49,"column":69},"end":{"line":49,"column":99}},"type":"cond-expr","locations":[{"start":{"line":49,"column":76},"end":{"line":49,"column":95}},{"start":{"line":49,"column":98},"end":{"line":49,"column":99}}],"line":49},"2":{"loc":{"start":{"line":51,"column":4},"end":{"line":61,"column":5}},"type":"if","locations":[{"start":{"line":51,"column":4},"end":{"line":61,"column":5}},{"start":{},"end":{}}],"line":51},"3":{"loc":{"start":{"line":51,"column":8},"end":{"line":51,"column":21}},"type":"binary-expr","locations":[{"start":{"line":51,"column":8},"end":{"line":51,"column":13}},{"start":{"line":51,"column":17},"end":{"line":51,"column":21}}],"line":51},"4":{"loc":{"start":{"line":66,"column":6},"end":{"line":70,"column":7}},"type":"if","locations":[{"start":{"line":66,"column":6},"end":{"line":70,"column":7}},{"start":{"line":68,"column":13},"end":{"line":70,"column":7}}],"line":66},"5":{"loc":{"start":{"line":84,"column":4},"end":{"line":95,"column":5}},"type":"if","locations":[{"start":{"line":84,"column":4},"end":{"line":95,"column":5}},{"start":{},"end":{}}],"line":84},"6":{"loc":{"start":{"line":84,"column":8},"end":{"line":84,"column":50}},"type":"binary-expr","locations":[{"start":{"line":84,"column":8},"end":{"line":84,"column":23}},{"start":{"line":84,"column":27},"end":{"line":84,"column":50}}],"line":84},"7":{"loc":{"start":{"line":89,"column":19},"end":{"line":89,"column":61}},"type":"binary-expr","locations":[{"start":{"line":89,"column":19},"end":{"line":89,"column":40}},{"start":{"line":89,"column":44},"end":{"line":89,"column":61}}],"line":89},"8":{"loc":{"start":{"line":97,"column":4},"end":{"line":118,"column":5}},"type":"if","locations":[{"start":{"line":97,"column":4},"end":{"line":118,"column":5}},{"start":{},"end":{}}],"line":97},"9":{"loc":{"start":{"line":97,"column":8},"end":{"line":97,"column":38}},"type":"binary-expr","locations":[{"start":{"line":97,"column":8},"end":{"line":97,"column":12}},{"start":{"line":97,"column":16},"end":{"line":97,"column":38}}],"line":97},"10":{"loc":{"start":{"line":101,"column":21},"end":{"line":101,"column":32}},"type":"binary-expr","locations":[{"start":{"line":101,"column":21},"end":{"line":101,"column":24}},{"start":{"line":101,"column":28},"end":{"line":101,"column":32}}],"line":101},"11":{"loc":{"start":{"line":108,"column":8},"end":{"line":113,"column":9}},"type":"if","locations":[{"start":{"line":108,"column":8},"end":{"line":113,"column":9}},{"start":{"line":111,"column":15},"end":{"line":113,"column":9}}],"line":108},"12":{"loc":{"start":{"line":172,"column":18},"end":{"line":172,"column":39}},"type":"binary-expr","locations":[{"start":{"line":172,"column":18},"end":{"line":172,"column":33}},{"start":{"line":172,"column":37},"end":{"line":172,"column":39}}],"line":172},"13":{"loc":{"start":{"line":173,"column":19},"end":{"line":173,"column":40}},"type":"binary-expr","locations":[{"start":{"line":173,"column":19},"end":{"line":173,"column":35}},{"start":{"line":173,"column":39},"end":{"line":173,"column":40}}],"line":173},"14":{"loc":{"start":{"line":201,"column":4},"end":{"line":206,"column":5}},"type":"if","locations":[{"start":{"line":201,"column":4},"end":{"line":206,"column":5}},{"start":{},"end":{}}],"line":201},"15":{"loc":{"start":{"line":215,"column":4},"end":{"line":220,"column":5}},"type":"if","locations":[{"start":{"line":215,"column":4},"end":{"line":220,"column":5}},{"start":{},"end":{}}],"line":215}},"s":{"0":1,"1":1,"2":1,"3":1,"4":1,"5":0,"6":1,"7":1,"8":1,"9":1,"10":1,"11":0,"12":0,"13":1,"14":1,"15":1,"16":0,"17":0,"18":0,"19":1,"20":0,"21":0,"22":1,"23":1,"24":1,"25":1,"26":1,"27":1,"28":0,"29":0,"30":0,"31":1,"32":1,"33":0,"34":0,"35":0,"36":1,"37":0,"38":0,"39":0,"40":1,"41":0,"42":0,"43":0,"44":0,"45":1,"46":0,"47":0,"48":1,"49":0,"50":0,"51":0,"52":0,"53":0,"54":1,"55":0,"56":0,"57":0,"58":0,"59":0},"f":{"0":1,"1":1,"2":0,"3":0,"4":0,"5":0,"6":0,"7":0,"8":0},"b":{"0":[0,1],"1":[1,0],"2":[0,1],"3":[1,0],"4":[1,0],"5":[0,1],"6":[1,1],"7":[0,0],"8":[1,0],"9":[1,1],"10":[1,1],"11":[1,0],"12":[0,0],"13":[0,0],"14":[0,0],"15":[0,0]},"_coverageSchema":"1a1c01bbd47fc00a2c39e90264f33305004495a9","hash":"940e4bb354f95bcdaf2e2f30a86c10cc5e948784"}
,"/Users/christopheramos/Desktop/Scamicide/backend/src/services/scoringEngine.js": {"path":"/Users/christopheramos/Desktop/Scamicide/backend/src/services/scoringEngine.js","statementMap":{"0":{"start":{"line":15,"column":27},"end":{"line":35,"column":1}},"1":{"start":{"line":38,"column":34},"end":{"line":42,"column":1}},"2":{"start":{"line":39,"column":2},"end":{"line":39,"column":25}},"3":{"start":{"line":39,"column":12},"end":{"line":39,"column":25}},"4":{"start":{"line":40,"column":19},"end":{"line":40,"column":36}},"5":{"start":{"line":41,"column":2},"end":{"line":41,"column":70}},"6":{"start":{"line":41,"column":43},"end":{"line":41,"column":68}},"7":{"start":{"line":44,"column":24},"end":{"line":49,"column":1}},"8":{"start":{"line":51,"column":31},"end":{"line":58,"column":1}},"9":{"start":{"line":52,"column":2},"end":{"line":56,"column":3}},"10":{"start":{"line":53,"column":4},"end":{"line":55,"column":5}},"11":{"start":{"line":54,"column":6},"end":{"line":54,"column":34}},"12":{"start":{"line":57,"column":2},"end":{"line":57,"column":52}},"13":{"start":{"line":60,"column":35},"end":{"line":75,"column":1}},"14":{"start":{"line":61,"column":20},"end":{"line":61,"column":28}},"15":{"start":{"line":62,"column":20},"end":{"line":62,"column":22}},"16":{"start":{"line":64,"column":2},"end":{"line":72,"column":3}},"17":{"start":{"line":65,"column":4},"end":{"line":65,"column":99}},"18":{"start":{"line":66,"column":9},"end":{"line":72,"column":3}},"19":{"start":{"line":67,"column":4},"end":{"line":67,"column":96}},"20":{"start":{"line":68,"column":9},"end":{"line":72,"column":3}},"21":{"start":{"line":69,"column":4},"end":{"line":69,"column":97}},"22":{"start":{"line":71,"column":4},"end":{"line":71,"column":91}},"23":{"start":{"line":74,"column":2},"end":{"line":74,"column":21}},"24":{"start":{"line":77,"column":27},"end":{"line":154,"column":1}},"25":{"start":{"line":79,"column":2},"end":{"line":88,"column":3}},"26":{"start":{"line":80,"column":4},"end":{"line":87,"column":6}},"27":{"start":{"line":91,"column":27},"end":{"line":91,"column":50}},"28":{"start":{"line":94,"column":26},"end":{"line":101,"column":3}},"29":{"start":{"line":103,"column":19},"end":{"line":103,"column":20}},"30":{"start":{"line":104,"column":19},"end":{"line":104,"column":21}},"31":{"start":{"line":106,"column":2},"end":{"line":117,"column":3}},"32":{"start":{"line":108,"column":4},"end":{"line":116,"column":5}},"33":{"start":{"line":109,"column":6},"end":{"line":109,"column":38}},"34":{"start":{"line":110,"column":6},"end":{"line":115,"column":7}},"35":{"start":{"line":111,"column":8},"end":{"line":114,"column":13}},"36":{"start":{"line":111,"column":51},"end":{"line":114,"column":9}},"37":{"start":{"line":120,"column":19},"end":{"line":120,"column":79}},"38":{"start":{"line":121,"column":2},"end":{"line":121,"column":41}},"39":{"start":{"line":123,"column":19},"end":{"line":123,"column":46}},"40":{"start":{"line":124,"column":22},"end":{"line":128,"column":4}},"41":{"start":{"line":125,"column":20},"end":{"line":125,"column":34}},"42":{"start":{"line":126,"column":20},"end":{"line":126,"column":34}},"43":{"start":{"line":127,"column":4},"end":{"line":127,"column":29}},"44":{"start":{"line":129,"column":22},"end":{"line":129,"column":64}},"45":{"start":{"line":131,"column":2},"end":{"line":153,"column":4}},"46":{"start":{"line":140,"column":58},"end":{"line":143,"column":8}},"47":{"start":{"line":156,"column":26},"end":{"line":164,"column":1}},"48":{"start":{"line":157,"column":2},"end":{"line":163,"column":4}},"49":{"start":{"line":166,"column":37},"end":{"line":175,"column":1}},"50":{"start":{"line":167,"column":2},"end":{"line":174,"column":4}}},"fnMap":{"0":{"name":"(anonymous_0)","decl":{"start":{"line":38,"column":34},"end":{"line":38,"column":35}},"loc":{"start":{"line":38,"column":43},"end":{"line":42,"column":1}},"line":38},"1":{"name":"(anonymous_1)","decl":{"start":{"line":41,"column":33},"end":{"line":41,"column":34}},"loc":{"start":{"line":41,"column":43},"end":{"line":41,"column":68}},"line":41},"2":{"name":"(anonymous_2)","decl":{"start":{"line":51,"column":31},"end":{"line":51,"column":32}},"loc":{"start":{"line":51,"column":42},"end":{"line":58,"column":1}},"line":51},"3":{"name":"(anonymous_3)","decl":{"start":{"line":60,"column":35},"end":{"line":60,"column":36}},"loc":{"start":{"line":60,"column":49},"end":{"line":75,"column":1}},"line":60},"4":{"name":"(anonymous_4)","decl":{"start":{"line":77,"column":27},"end":{"line":77,"column":28}},"loc":{"start":{"line":77,"column":49},"end":{"line":154,"column":1}},"line":77},"5":{"name":"(anonymous_5)","decl":{"start":{"line":111,"column":42},"end":{"line":111,"column":43}},"loc":{"start":{"line":111,"column":51},"end":{"line":114,"column":9}},"line":111},"6":{"name":"(anonymous_6)","decl":{"start":{"line":124,"column":36},"end":{"line":124,"column":37}},"loc":{"start":{"line":124,"column":46},"end":{"line":128,"column":3}},"line":124},"7":{"name":"(anonymous_7)","decl":{"start":{"line":140,"column":42},"end":{"line":140,"column":43}},"loc":{"start":{"line":140,"column":58},"end":{"line":143,"column":8}},"line":140},"8":{"name":"(anonymous_8)","decl":{"start":{"line":156,"column":26},"end":{"line":156,"column":27}},"loc":{"start":{"line":156,"column":41},"end":{"line":164,"column":1}},"line":156},"9":{"name":"(anonymous_9)","decl":{"start":{"line":166,"column":37},"end":{"line":166,"column":38}},"loc":{"start":{"line":166,"column":43},"end":{"line":175,"column":1}},"line":166}},"branchMap":{"0":{"loc":{"start":{"line":39,"column":2},"end":{"line":39,"column":25}},"type":"if","locations":[{"start":{"line":39,"column":2},"end":{"line":39,"column":25}},{"start":{},"end":{}}],"line":39},"1":{"loc":{"start":{"line":53,"column":4},"end":{"line":55,"column":5}},"type":"if","locations":[{"start":{"line":53,"column":4},"end":{"line":55,"column":5}},{"start":{},"end":{}}],"line":53},"2":{"loc":{"start":{"line":53,"column":8},"end":{"line":53,"column":54}},"type":"binary-expr","locations":[{"start":{"line":53,"column":8},"end":{"line":53,"column":29}},{"start":{"line":53,"column":33},"end":{"line":53,"column":54}}],"line":53},"3":{"loc":{"start":{"line":64,"column":2},"end":{"line":72,"column":3}},"type":"if","locations":[{"start":{"line":64,"column":2},"end":{"line":72,"column":3}},{"start":{"line":66,"column":9},"end":{"line":72,"column":3}}],"line":64},"4":{"loc":{"start":{"line":66,"column":9},"end":{"line":72,"column":3}},"type":"if","locations":[{"start":{"line":66,"column":9},"end":{"line":72,"column":3}},{"start":{"line":68,"column":9},"end":{"line":72,"column":3}}],"line":66},"5":{"loc":{"start":{"line":68,"column":9},"end":{"line":72,"column":3}},"type":"if","locations":[{"start":{"line":68,"column":9},"end":{"line":72,"column":3}},{"start":{"line":70,"column":9},"end":{"line":72,"column":3}}],"line":68},"6":{"loc":{"start":{"line":77,"column":34},"end":{"line":77,"column":44}},"type":"default-arg","locations":[{"start":{"line":77,"column":40},"end":{"line":77,"column":44}}],"line":77},"7":{"loc":{"start":{"line":79,"column":2},"end":{"line":88,"column":3}},"type":"if","locations":[{"start":{"line":79,"column":2},"end":{"line":88,"column":3}},{"start":{},"end":{}}],"line":79},"8":{"loc":{"start":{"line":79,"column":6},"end":{"line":79,"column":67}},"type":"binary-expr","locations":[{"start":{"line":79,"column":6},"end":{"line":79,"column":11}},{"start":{"line":79,"column":15},"end":{"line":79,"column":39}},{"start":{"line":79,"column":43},"end":{"line":79,"column":67}}],"line":79},"9":{"loc":{"start":{"line":95,"column":13},"end":{"line":95,"column":110}},"type":"cond-expr","locations":[{"start":{"line":95,"column":37},"end":{"line":95,"column":64}},{"start":{"line":95,"column":67},"end":{"line":95,"column":110}}],"line":95},"10":{"loc":{"start":{"line":96,"column":14},"end":{"line":96,"column":113}},"type":"cond-expr","locations":[{"start":{"line":96,"column":39},"end":{"line":96,"column":67}},{"start":{"line":96,"column":70},"end":{"line":96,"column":113}}],"line":96},"11":{"loc":{"start":{"line":97,"column":13},"end":{"line":97,"column":110}},"type":"cond-expr","locations":[{"start":{"line":97,"column":37},"end":{"line":97,"column":64}},{"start":{"line":97,"column":67},"end":{"line":97,"column":110}}],"line":97},"12":{"loc":{"start":{"line":98,"column":19},"end":{"line":98,"column":146}},"type":"cond-expr","locations":[{"start":{"line":98,"column":49},"end":{"line":98,"column":100}},{"start":{"line":98,"column":103},"end":{"line":98,"column":146}}],"line":98},"13":{"loc":{"start":{"line":99,"column":13},"end":{"line":99,"column":110}},"type":"cond-expr","locations":[{"start":{"line":99,"column":37},"end":{"line":99,"column":64}},{"start":{"line":99,"column":67},"end":{"line":99,"column":110}}],"line":99},"14":{"loc":{"start":{"line":100,"column":13},"end":{"line":100,"column":128}},"type":"cond-expr","locations":[{"start":{"line":100,"column":37},"end":{"line":100,"column":82}},{"start":{"line":100,"column":85},"end":{"line":100,"column":128}}],"line":100},"15":{"loc":{"start":{"line":108,"column":4},"end":{"line":116,"column":5}},"type":"if","locations":[{"start":{"line":108,"column":4},"end":{"line":116,"column":5}},{"start":{},"end":{}}],"line":108},"16":{"loc":{"start":{"line":108,"column":8},"end":{"line":108,"column":44}},"type":"binary-expr","locations":[{"start":{"line":108,"column":8},"end":{"line":108,"column":14}},{"start":{"line":108,"column":18},"end":{"line":108,"column":44}}],"line":108},"17":{"loc":{"start":{"line":109,"column":20},"end":{"line":109,"column":37}},"type":"binary-expr","locations":[{"start":{"line":109,"column":20},"end":{"line":109,"column":32}},{"start":{"line":109,"column":36},"end":{"line":109,"column":37}}],"line":109},"18":{"loc":{"start":{"line":110,"column":6},"end":{"line":115,"column":7}},"type":"if","locations":[{"start":{"line":110,"column":6},"end":{"line":115,"column":7}},{"start":{},"end":{}}],"line":110},"19":{"loc":{"start":{"line":110,"column":10},"end":{"line":110,"column":53}},"type":"binary-expr","locations":[{"start":{"line":110,"column":10},"end":{"line":110,"column":22}},{"start":{"line":110,"column":26},"end":{"line":110,"column":53}}],"line":110},"20":{"loc":{"start":{"line":120,"column":19},"end":{"line":120,"column":79}},"type":"cond-expr","locations":[{"start":{"line":120,"column":38},"end":{"line":120,"column":66}},{"start":{"line":120,"column":69},"end":{"line":120,"column":79}}],"line":120},"21":{"loc":{"start":{"line":125,"column":20},"end":{"line":125,"column":34}},"type":"binary-expr","locations":[{"start":{"line":125,"column":20},"end":{"line":125,"column":29}},{"start":{"line":125,"column":33},"end":{"line":125,"column":34}}],"line":125},"22":{"loc":{"start":{"line":126,"column":20},"end":{"line":126,"column":34}},"type":"binary-expr","locations":[{"start":{"line":126,"column":20},"end":{"line":126,"column":29}},{"start":{"line":126,"column":33},"end":{"line":126,"column":34}}],"line":126},"23":{"loc":{"start":{"line":141,"column":15},"end":{"line":141,"column":30}},"type":"binary-expr","locations":[{"start":{"line":141,"column":15},"end":{"line":141,"column":25}},{"start":{"line":141,"column":29},"end":{"line":141,"column":30}}],"line":141},"24":{"loc":{"start":{"line":142,"column":21},"end":{"line":142,"column":46}},"type":"binary-expr","locations":[{"start":{"line":142,"column":21},"end":{"line":142,"column":37}},{"start":{"line":142,"column":41},"end":{"line":142,"column":46}}],"line":142},"25":{"loc":{"start":{"line":149,"column":11},"end":{"line":149,"column":22}},"type":"binary-expr","locations":[{"start":{"line":149,"column":11},"end":{"line":149,"column":14}},{"start":{"line":149,"column":18},"end":{"line":149,"column":22}}],"line":149},"26":{"loc":{"start":{"line":151,"column":20},"end":{"line":151,"column":55}},"type":"binary-expr","locations":[{"start":{"line":151,"column":20},"end":{"line":151,"column":36}},{"start":{"line":151,"column":40},"end":{"line":151,"column":55}}],"line":151}},"s":{"0":1,"1":1,"2":1,"3":1,"4":0,"5":0,"6":0,"7":1,"8":1,"9":1,"10":4,"11":1,"12":0,"13":1,"14":1,"15":1,"16":1,"17":0,"18":1,"19":0,"20":1,"21":0,"22":1,"23":1,"24":1,"25":1,"26":0,"27":1,"28":1,"29":1,"30":1,"31":1,"32":6,"33":6,"34":6,"35":6,"36":0,"37":1,"38":1,"39":1,"40":1,"41":0,"42":0,"43":0,"44":1,"45":1,"46":6,"47":1,"48":0,"49":1,"50":0},"f":{"0":1,"1":0,"2":1,"3":1,"4":1,"5":0,"6":0,"7":6,"8":0,"9":0},"b":{"0":[1,0],"1":[1,3],"2":[4,1],"3":[0,1],"4":[0,1],"5":[0,1],"6":[1],"7":[0,1],"8":[1,1,1],"9":[1,0],"10":[1,0],"11":[1,0],"12":[1,0],"13":[1,0],"14":[1,0],"15":[6,0],"16":[6,6],"17":[6,6],"18":[6,0],"19":[6,6],"20":[0,1],"21":[0,0],"22":[0,0],"23":[6,6],"24":[6,6],"25":[1,1],"26":[1,0]},"_coverageSchema":"1a1c01bbd47fc00a2c39e90264f33305004495a9","hash":"99f927c64e0602f555791c839509618767c5c88b"}
}
