TN:
SF:src/server.js
FN:57,(anonymous_0)
FN:70,(anonymous_1)
FN:75,(anonymous_2)
FN:87,(anonymous_3)
FN:126,(anonymous_4)
FN:140,(anonymous_5)
FN:154,(anonymous_6)
FN:155,(anonymous_7)
FN:156,(anonymous_8)
FN:168,(anonymous_9)
FN:173,(anonymous_10)
FN:182,(anonymous_11)
FN:189,(anonymous_12)
FN:190,(anonymous_13)
FN:193,(anonymous_14)
FN:198,(anonymous_15)
FN:204,(anonymous_16)
FNF:17
FNH:2
FNDA:0,(anonymous_0)
FNDA:0,(anonymous_1)
FNDA:0,(anonymous_2)
FNDA:0,(anonymous_3)
FNDA:0,(anonymous_4)
FNDA:0,(anonymous_5)
FNDA:1,(anonymous_6)
FNDA:1,(anonymous_7)
FNDA:0,(anonymous_8)
FNDA:0,(anonymous_9)
FNDA:0,(anonymous_10)
FNDA:0,(anonymous_11)
FNDA:0,(anonymous_12)
FNDA:0,(anonymous_13)
FNDA:0,(anonymous_14)
FNDA:0,(anonymous_15)
FNDA:0,(anonymous_16)
DA:18,1
DA:19,1
DA:22,1
DA:23,1
DA:25,1
DA:26,1
DA:27,1
DA:29,1
DA:32,1
DA:35,1
DA:36,1
DA:39,1
DA:43,1
DA:49,1
DA:50,1
DA:51,1
DA:54,1
DA:57,1
DA:58,0
DA:59,0
DA:70,1
DA:71,0
DA:75,1
DA:76,0
DA:77,0
DA:79,0
DA:84,1
DA:87,1
DA:88,0
DA:105,1
DA:112,1
DA:113,1
DA:114,1
DA:115,1
DA:116,1
DA:117,1
DA:121,1
DA:122,0
DA:123,0
DA:126,0
DA:127,0
DA:128,0
DA:129,0
DA:131,0
DA:134,1
DA:135,0
DA:136,0
DA:140,1
DA:141,0
DA:149,1
DA:152,1
DA:154,1
DA:155,1
DA:156,1
DA:157,0
DA:158,0
DA:159,0
DA:160,0
DA:161,0
DA:162,0
DA:168,1
DA:169,0
DA:172,0
DA:173,0
DA:174,0
DA:179,0
DA:182,0
DA:183,0
DA:184,0
DA:189,1
DA:190,1
DA:193,1
DA:194,0
DA:198,1
DA:199,0
DA:200,0
DA:204,1
DA:205,0
DA:206,0
LF:79
LH:43
BRDA:23,0,0,1
BRDA:23,0,1,1
BRDA:26,1,0,0
BRDA:26,1,1,1
BRDA:36,2,0,1
BRDA:36,2,1,0
BRDA:44,3,0,1
BRDA:44,3,1,1
BRDA:49,4,0,0
BRDA:49,4,1,1
BRDA:58,5,0,0
BRDA:58,5,1,0
BRDA:63,6,0,0
BRDA:63,6,1,0
BRDA:76,7,0,0
BRDA:76,7,1,0
BRDA:114,8,0,1
BRDA:114,8,1,0
BRDA:121,9,0,0
BRDA:121,9,1,1
BRDA:121,10,0,1
BRDA:121,10,1,0
BRDA:128,11,0,0
BRDA:128,11,1,0
BRDA:134,12,0,0
BRDA:134,12,1,1
BRDA:161,13,0,0
BRDA:161,13,1,0
BRDA:172,14,0,0
BRDA:172,14,1,0
BRF:30
BRH:11
end_of_record
TN:
SF:src/database/db.js
FN:25,(anonymous_0)
FN:70,(anonymous_1)
FN:87,(anonymous_2)
FN:119,(anonymous_3)
FN:163,(anonymous_4)
FN:180,(anonymous_5)
FN:199,(anonymous_6)
FN:238,(anonymous_7)
FN:262,(anonymous_8)
FN:291,(anonymous_9)
FN:306,(anonymous_10)
FN:323,(anonymous_11)
FN:333,(anonymous_12)
FNF:13
FNH:4
FNDA:1,(anonymous_0)
FNDA:1,(anonymous_1)
FNDA:1,(anonymous_2)
FNDA:1,(anonymous_3)
FNDA:0,(anonymous_4)
FNDA:0,(anonymous_5)
FNDA:0,(anonymous_6)
FNDA:0,(anonymous_7)
FNDA:0,(anonymous_8)
FNDA:0,(anonymous_9)
FNDA:0,(anonymous_10)
FNDA:0,(anonymous_11)
FNDA:0,(anonymous_12)
DA:12,1
DA:13,1
DA:16,1
DA:19,1
DA:20,1
DA:25,1
DA:26,1
DA:27,0
DA:30,1
DA:31,1
DA:32,1
DA:34,1
DA:36,1
DA:37,1
DA:39,1
DA:40,0
DA:41,0
DA:42,0
DA:44,1
DA:47,1
DA:48,1
DA:51,1
DA:54,1
DA:56,1
DA:57,1
DA:59,0
DA:60,0
DA:61,0
DA:63,0
DA:70,1
DA:71,1
DA:72,0
DA:74,1
DA:76,1
DA:77,1
DA:79,0
DA:80,0
DA:87,1
DA:88,1
DA:90,1
DA:104,1
DA:109,1
DA:111,0
DA:112,0
DA:119,1
DA:121,1
DA:122,0
DA:123,0
DA:126,1
DA:127,1
DA:129,1
DA:135,1
DA:145,1
DA:155,0
DA:156,0
DA:163,1
DA:165,0
DA:166,0
DA:167,0
DA:170,0
DA:171,0
DA:178,0
DA:180,0
DA:191,0
DA:192,0
DA:199,1
DA:201,0
DA:202,0
DA:203,0
DA:206,0
DA:207,0
DA:213,0
DA:215,0
DA:216,0
DA:219,0
DA:230,0
DA:231,0
DA:238,1
DA:240,0
DA:241,0
DA:242,0
DA:245,0
DA:246,0
DA:251,0
DA:252,0
DA:254,0
DA:255,0
DA:262,1
DA:264,0
DA:265,0
DA:266,0
DA:269,0
DA:270,0
DA:274,0
DA:280,0
DA:285,0
DA:286,0
DA:287,0
DA:289,0
DA:292,0
DA:293,0
DA:298,0
DA:299,0
DA:306,1
DA:307,0
DA:308,0
DA:309,0
DA:312,0
DA:316,0
DA:317,0
DA:323,1
DA:324,0
DA:325,0
DA:327,0
DA:333,1
DA:334,0
DA:335,0
DA:336,0
DA:337,0
LF:119
LH:45
BRDA:16,0,0,1
BRDA:16,0,1,1
BRDA:26,1,0,0
BRDA:26,1,1,1
BRDA:32,2,0,1
BRDA:32,2,1,0
BRDA:39,3,0,0
BRDA:39,3,1,1
BRDA:71,4,0,0
BRDA:71,4,1,1
BRDA:71,5,0,1
BRDA:71,5,1,1
BRDA:121,6,0,0
BRDA:121,6,1,1
BRDA:137,7,0,1
BRDA:137,7,1,1
BRDA:137,7,2,0
BRDA:138,8,0,1
BRDA:138,8,1,1
BRDA:138,8,2,1
BRDA:139,9,0,1
BRDA:139,9,1,1
BRDA:139,9,2,1
BRDA:140,10,0,1
BRDA:140,10,1,1
BRDA:140,10,2,0
BRDA:141,11,0,1
BRDA:141,11,1,1
BRDA:141,11,2,0
BRDA:142,12,0,1
BRDA:142,12,1,0
BRDA:147,13,0,1
BRDA:147,13,1,1
BRDA:147,13,2,0
BRDA:148,14,0,1
BRDA:148,14,1,1
BRDA:148,14,2,1
BRDA:149,15,0,1
BRDA:149,15,1,1
BRDA:149,15,2,1
BRDA:150,16,0,1
BRDA:150,16,1,1
BRDA:150,16,2,0
BRDA:151,17,0,1
BRDA:151,17,1,1
BRDA:151,17,2,0
BRDA:152,18,0,1
BRDA:152,18,1,0
BRDA:163,19,0,0
BRDA:163,20,0,0
BRDA:165,21,0,0
BRDA:165,21,1,0
BRDA:186,22,0,0
BRDA:186,22,1,0
BRDA:201,23,0,0
BRDA:201,23,1,0
BRDA:215,24,0,0
BRDA:215,24,1,0
BRDA:225,25,0,0
BRDA:225,25,1,0
BRDA:240,26,0,0
BRDA:240,26,1,0
BRDA:264,27,0,0
BRDA:264,27,1,0
BRDA:295,28,0,0
BRDA:295,28,1,0
BRDA:307,29,0,0
BRDA:307,29,1,0
BRDA:324,30,0,0
BRDA:324,30,1,0
BRDA:334,31,0,0
BRDA:334,31,1,0
BRF:72
BRH:35
end_of_record
TN:
SF:src/detectors/communicationDetector.js
FN:41,(anonymous_0)
FNF:1
FNH:1
FNDA:1,(anonymous_0)
DA:6,1
DA:41,1
DA:42,1
DA:43,1
DA:44,1
DA:46,1
DA:47,3
DA:48,14
DA:51,0
DA:53,0
DA:55,0
DA:56,0
DA:59,0
DA:60,0
DA:65,0
DA:72,0
DA:73,0
DA:78,1
LF:18
LH:9
BRDA:41,0,0,0
BRDA:48,1,0,0
BRDA:48,1,1,14
BRDA:53,2,0,0
BRDA:53,2,1,0
BRDA:55,3,0,0
BRDA:55,3,1,0
BRDA:59,4,0,0
BRDA:59,4,1,0
BRDA:70,5,0,0
BRDA:70,5,1,0
BRF:11
BRH:1
end_of_record
TN:
SF:src/detectors/companyDetector.js
FN:39,(anonymous_0)
FNF:1
FNH:1
FNDA:1,(anonymous_0)
DA:6,1
DA:39,1
DA:40,1
DA:41,1
DA:42,1
DA:44,1
DA:45,3
DA:46,12
DA:47,0
DA:54,0
DA:55,0
DA:60,1
LF:12
LH:9
BRDA:46,0,0,0
BRDA:46,0,1,12
BRDA:52,1,0,0
BRDA:52,1,1,0
BRF:4
BRH:1
end_of_record
TN:
SF:src/detectors/grammarDetector.js
FN:35,(anonymous_0)
FNF:1
FNH:1
FNDA:1,(anonymous_0)
DA:6,1
DA:24,1
DA:35,1
DA:36,1
DA:37,1
DA:38,1
DA:40,1
DA:41,3
DA:42,3
DA:43,0
DA:44,0
DA:51,0
DA:55,1
DA:56,8
DA:57,0
DA:63,0
DA:67,1
LF:17
LH:12
BRDA:35,0,0,0
BRDA:38,1,0,0
BRDA:38,1,1,1
BRDA:42,2,0,0
BRDA:42,2,1,3
BRDA:42,3,0,3
BRDA:42,3,1,0
BRDA:56,4,0,0
BRDA:56,4,1,8
BRF:9
BRH:4
end_of_record
TN:
SF:src/detectors/identityDetector.js
FN:58,(anonymous_0)
FNF:1
FNH:1
FNDA:1,(anonymous_0)
DA:9,1
DA:58,1
DA:59,1
DA:60,1
DA:61,1
DA:63,1
DA:64,3
DA:65,18
DA:66,0
DA:73,0
DA:74,0
DA:79,1
LF:12
LH:9
BRDA:65,0,0,0
BRDA:65,0,1,18
BRDA:71,1,0,0
BRDA:71,1,1,0
BRF:4
BRH:1
end_of_record
TN:
SF:src/detectors/paymentDetector.js
FN:87,(anonymous_0)
FNF:1
FNH:1
FNDA:1,(anonymous_0)
DA:9,1
DA:87,1
DA:88,1
DA:89,1
DA:90,1
DA:93,1
DA:94,4
DA:95,39
DA:96,0
DA:103,0
DA:104,0
DA:109,1
LF:12
LH:9
BRDA:95,0,0,0
BRDA:95,0,1,39
BRDA:101,1,0,0
BRDA:101,1,1,0
BRF:4
BRH:1
end_of_record
TN:
SF:src/detectors/urgencyDetector.js
FN:57,(anonymous_0)
FNF:1
FNH:1
FNDA:1,(anonymous_0)
DA:6,1
DA:57,1
DA:58,1
DA:59,1
DA:60,1
DA:62,1
DA:63,4
DA:64,24
DA:65,0
DA:72,0
DA:73,0
DA:78,1
LF:12
LH:9
BRDA:64,0,0,0
BRDA:64,0,1,24
BRDA:70,1,0,0
BRDA:70,1,1,0
BRF:4
BRH:1
end_of_record
TN:
SF:src/middleware/errorHandler.js
FN:10,(anonymous_0)
FN:23,(anonymous_1)
FN:32,(anonymous_2)
FN:41,(anonymous_3)
FN:41,(anonymous_4)
FN:48,(anonymous_5)
FN:72,(anonymous_6)
FNF:7
FNH:2
FNDA:0,(anonymous_0)
FNDA:0,(anonymous_1)
FNDA:0,(anonymous_2)
FNDA:7,(anonymous_3)
FNDA:1,(anonymous_4)
FNDA:0,(anonymous_5)
FNDA:0,(anonymous_6)
DA:11,0
DA:12,0
DA:13,0
DA:14,0
DA:15,0
DA:24,0
DA:33,0
DA:34,0
DA:41,7
DA:42,1
DA:48,1
DA:49,0
DA:58,0
DA:59,0
DA:62,0
DA:63,0
DA:66,0
DA:72,1
DA:73,0
DA:83,0
DA:84,0
DA:95,0
DA:96,0
DA:106,0
DA:107,0
DA:118,0
DA:119,0
DA:130,0
DA:131,0
DA:132,0
DA:143,0
DA:144,0
DA:145,0
DA:156,0
DA:157,0
DA:158,0
DA:169,0
DA:170,0
DA:172,0
LF:39
LH:4
BRDA:10,0,0,0
BRDA:10,1,0,0
BRDA:23,2,0,0
BRDA:32,3,0,0
BRDA:48,4,0,0
BRDA:53,5,0,0
BRDA:53,5,1,0
BRDA:54,6,0,0
BRDA:54,6,1,0
BRDA:58,7,0,0
BRDA:58,7,1,0
BRDA:62,8,0,0
BRDA:62,8,1,0
BRDA:62,9,0,0
BRDA:62,9,1,0
BRDA:83,10,0,0
BRDA:83,10,1,0
BRDA:83,11,0,0
BRDA:83,11,1,0
BRDA:83,11,2,0
BRDA:95,12,0,0
BRDA:95,12,1,0
BRDA:95,13,0,0
BRDA:95,13,1,0
BRDA:106,14,0,0
BRDA:106,14,1,0
BRDA:118,15,0,0
BRDA:118,15,1,0
BRDA:130,16,0,0
BRDA:130,16,1,0
BRDA:130,17,0,0
BRDA:130,17,1,0
BRDA:143,18,0,0
BRDA:143,18,1,0
BRDA:143,19,0,0
BRDA:143,19,1,0
BRDA:156,20,0,0
BRDA:156,20,1,0
BRDA:169,21,0,0
BRDA:169,21,1,0
BRF:40
BRH:0
end_of_record
TN:
SF:src/middleware/requestLogger.js
FN:9,(anonymous_0)
FN:26,(anonymous_1)
FN:47,(anonymous_2)
FNF:3
FNH:3
FNDA:1,(anonymous_0)
FNDA:1,(anonymous_1)
FNDA:1,(anonymous_2)
DA:9,1
DA:10,1
DA:11,1
DA:14,1
DA:17,1
DA:18,1
DA:19,1
DA:23,1
DA:26,1
DA:27,1
DA:30,1
DA:33,1
DA:34,0
DA:38,1
DA:41,1
DA:47,1
DA:48,1
DA:49,0
DA:52,1
DA:57,1
DA:59,1
DA:60,9
DA:61,0
DA:65,1
LF:24
LH:21
BRDA:17,0,0,1
BRDA:17,0,1,0
BRDA:17,1,0,1
BRDA:17,1,1,0
BRDA:33,2,0,0
BRDA:33,2,1,1
BRDA:48,3,0,0
BRDA:48,3,1,1
BRDA:48,4,0,1
BRDA:48,4,1,1
BRDA:60,5,0,0
BRDA:60,5,1,9
BRF:12
BRH:7
end_of_record
TN:
SF:src/routes/analyze.js
FN:27,(anonymous_0)
FN:46,(anonymous_1)
FN:128,(anonymous_2)
FN:134,(anonymous_3)
FN:141,(anonymous_4)
FN:171,(anonymous_5)
FN:188,(anonymous_6)
FN:198,(anonymous_7)
FN:212,(anonymous_8)
FNF:9
FNH:2
FNDA:1,(anonymous_0)
FNDA:1,(anonymous_1)
FNDA:0,(anonymous_2)
FNDA:0,(anonymous_3)
FNDA:0,(anonymous_4)
FNDA:0,(anonymous_5)
FNDA:0,(anonymous_6)
FNDA:0,(anonymous_7)
FNDA:0,(anonymous_8)
DA:12,1
DA:14,1
DA:27,1
DA:28,1
DA:29,1
DA:30,0
DA:40,1
DA:43,1
DA:47,1
DA:49,1
DA:51,1
DA:52,0
DA:53,0
DA:65,1
DA:66,1
DA:67,1
DA:69,0
DA:72,0
DA:73,0
DA:84,1
DA:85,0
DA:86,0
DA:97,1
DA:98,1
DA:99,1
DA:108,1
DA:109,1
DA:110,1
DA:112,0
DA:115,0
DA:116,0
DA:120,1
DA:127,1
DA:129,0
DA:130,0
DA:134,0
DA:140,1
DA:142,0
DA:155,0
DA:156,0
DA:166,1
DA:172,0
DA:173,0
DA:174,0
DA:175,0
DA:187,1
DA:189,0
DA:190,0
DA:197,1
DA:199,0
DA:200,0
DA:201,0
DA:202,0
DA:207,0
DA:211,1
DA:213,0
DA:214,0
DA:215,0
DA:216,0
DA:221,0
LF:60
LH:27
BRDA:29,0,0,0
BRDA:29,0,1,1
BRDA:49,1,0,1
BRDA:49,1,1,0
BRDA:51,2,0,0
BRDA:51,2,1,1
BRDA:51,3,0,1
BRDA:51,3,1,0
BRDA:66,4,0,1
BRDA:66,4,1,0
BRDA:84,5,0,0
BRDA:84,5,1,1
BRDA:84,6,0,1
BRDA:84,6,1,1
BRDA:89,7,0,0
BRDA:89,7,1,0
BRDA:97,8,0,1
BRDA:97,8,1,0
BRDA:97,9,0,1
BRDA:97,9,1,1
BRDA:101,10,0,1
BRDA:101,10,1,1
BRDA:108,11,0,1
BRDA:108,11,1,0
BRDA:172,12,0,0
BRDA:172,12,1,0
BRDA:173,13,0,0
BRDA:173,13,1,0
BRDA:201,14,0,0
BRDA:201,14,1,0
BRDA:215,15,0,0
BRDA:215,15,1,0
BRF:32
BRH:14
end_of_record
TN:
SF:src/services/scoringEngine.js
FN:38,(anonymous_0)
FN:41,(anonymous_1)
FN:51,(anonymous_2)
FN:60,(anonymous_3)
FN:77,(anonymous_4)
FN:111,(anonymous_5)
FN:124,(anonymous_6)
FN:140,(anonymous_7)
FN:156,(anonymous_8)
FN:166,(anonymous_9)
FNF:10
FNH:5
FNDA:1,(anonymous_0)
FNDA:0,(anonymous_1)
FNDA:1,(anonymous_2)
FNDA:1,(anonymous_3)
FNDA:1,(anonymous_4)
FNDA:0,(anonymous_5)
FNDA:0,(anonymous_6)
FNDA:6,(anonymous_7)
FNDA:0,(anonymous_8)
FNDA:0,(anonymous_9)
DA:15,1
DA:38,1
DA:39,1
DA:40,0
DA:41,0
DA:44,1
DA:51,1
DA:52,1
DA:53,4
DA:54,1
DA:57,0
DA:60,1
DA:61,1
DA:62,1
DA:64,1
DA:65,0
DA:66,1
DA:67,0
DA:68,1
DA:69,0
DA:71,1
DA:74,1
DA:77,1
DA:79,1
DA:80,0
DA:91,1
DA:94,1
DA:103,1
DA:104,1
DA:106,1
DA:108,6
DA:109,6
DA:110,6
DA:111,6
DA:120,1
DA:121,1
DA:123,1
DA:124,1
DA:125,0
DA:126,0
DA:127,0
DA:129,1
DA:131,1
DA:140,6
DA:156,1
DA:157,0
DA:166,1
DA:167,0
LF:48
LH:36
BRDA:39,0,0,1
BRDA:39,0,1,0
BRDA:53,1,0,1
BRDA:53,1,1,3
BRDA:53,2,0,4
BRDA:53,2,1,1
BRDA:64,3,0,0
BRDA:64,3,1,1
BRDA:66,4,0,0
BRDA:66,4,1,1
BRDA:68,5,0,0
BRDA:68,5,1,1
BRDA:77,6,0,1
BRDA:79,7,0,0
BRDA:79,7,1,1
BRDA:79,8,0,1
BRDA:79,8,1,1
BRDA:79,8,2,1
BRDA:95,9,0,1
BRDA:95,9,1,0
BRDA:96,10,0,1
BRDA:96,10,1,0
BRDA:97,11,0,1
BRDA:97,11,1,0
BRDA:98,12,0,1
BRDA:98,12,1,0
BRDA:99,13,0,1
BRDA:99,13,1,0
BRDA:100,14,0,1
BRDA:100,14,1,0
BRDA:108,15,0,6
BRDA:108,15,1,0
BRDA:108,16,0,6
BRDA:108,16,1,6
BRDA:109,17,0,6
BRDA:109,17,1,6
BRDA:110,18,0,6
BRDA:110,18,1,0
BRDA:110,19,0,6
BRDA:110,19,1,6
BRDA:120,20,0,0
BRDA:120,20,1,1
BRDA:125,21,0,0
BRDA:125,21,1,0
BRDA:126,22,0,0
BRDA:126,22,1,0
BRDA:141,23,0,6
BRDA:141,23,1,6
BRDA:142,24,0,6
BRDA:142,24,1,6
BRDA:149,25,0,1
BRDA:149,25,1,1
BRDA:151,26,0,1
BRDA:151,26,1,0
BRF:54
BRH:35
end_of_record
